Start testing: Mar 28 00:37 CEST
----------------------------------------------------------
1/1 Testing: epidemic.t
1/1 Test: epidemic.t
Command: "/home/aaa/pandemic/Versione_2/build/epidemic.t"
Directory: /home/aaa/pandemic/Versione_2/build
"epidemic.t" start time: Mar 28 00:37 CEST
Output:
----------------------------------------------------------
Setting vertical sync not supported
[doctest] doctest version is "2.4.7"
[doctest] run with "--help" for options
[2JDay:  10          Day:  10    
S:    9955        S:    9955  
I:    45          I:    45
D:    0           D:    0
S/I:  0.005       S/I:  0.005
ID/N: 0.004       ID/N: 0.004

Time for print is about 0.207ms

Time for write on the file is about 0.007ms

Time for evolve in the beginningis is about 0.743ms

Time for evolve near the pick is about 6.197ms

Time for update the graph in the begining is about 43.340ms

Time for update the graph in the end is about 49.789ms
===============================================================================
[doctest] test cases: 1 | 1 passed | 0 failed | 0 skipped
[doctest] assertions: 0 | 0 passed | 0 failed |
[doctest] Status: SUCCESS!

=================================================================
==1264==ERROR: LeakSanitizer: detected memory leaks

Direct leak of 65536 byte(s) in 1 object(s) allocated from:
    #0 0x7fca109843f5 in __interceptor_aligned_alloc ../../../../src/libsanitizer/asan/asan_malloc_linux.cc:183
    #1 0x7fca04efa6bf  (<unknown module>)

Direct leak of 1248 byte(s) in 12 object(s) allocated from:
    #0 0x7fca10983a06 in __interceptor_calloc ../../../../src/libsanitizer/asan/asan_malloc_linux.cc:153
    #1 0x7fca0b79922b  (/usr/lib/x86_64-linux-gnu/libasan.so.5.0.0+0xbf222b)

Direct leak of 864 byte(s) in 12 object(s) allocated from:
    #0 0x7fca10983a06 in __interceptor_calloc ../../../../src/libsanitizer/asan/asan_malloc_linux.cc:153
    #1 0x7fca0b799d7c  (/usr/lib/x86_64-linux-gnu/libasan.so.5.0.0+0xbf2d7c)

Direct leak of 576 byte(s) in 6 object(s) allocated from:
    #0 0x7fca10983a06 in __interceptor_calloc ../../../../src/libsanitizer/asan/asan_malloc_linux.cc:153
    #1 0x7fca0b7cb661  (/usr/lib/x86_64-linux-gnu/libasan.so.5.0.0+0xc24661)

Direct leak of 288 byte(s) in 6 object(s) allocated from:
    #0 0x7fca10983a06 in __interceptor_calloc ../../../../src/libsanitizer/asan/asan_malloc_linux.cc:153
    #1 0x7fca0b31e14e  (/usr/lib/x86_64-linux-gnu/libasan.so.5.0.0+0x77714e)

Direct leak of 128 byte(s) in 1 object(s) allocated from:
    #0 0x7fca10983c3e in __interceptor_realloc ../../../../src/libsanitizer/asan/asan_malloc_linux.cc:163
    #1 0x7fca0ac39efd  (<unknown module>)

Direct leak of 80 byte(s) in 1 object(s) allocated from:
    #0 0x7fca10983a06 in __interceptor_calloc ../../../../src/libsanitizer/asan/asan_malloc_linux.cc:153
    #1 0x7fca0b31e306  (/usr/lib/x86_64-linux-gnu/libasan.so.5.0.0+0x777306)

Direct leak of 64 byte(s) in 1 object(s) allocated from:
    #0 0x7fca10985587 in operator new(unsigned long) ../../../../src/libsanitizer/asan/asan_new_delete.cc:104
    #1 0x7fca0b4970cd  (/usr/lib/x86_64-linux-gnu/libasan.so.5.0.0+0x8f00cd)

Indirect leak of 7594368 byte(s) in 12 object(s) allocated from:
    #0 0x7fca109846e5 in __interceptor_posix_memalign ../../../../src/libsanitizer/asan/asan_malloc_linux.cc:217
    #1 0x7fca0b31e2af  (/usr/lib/x86_64-linux-gnu/libasan.so.5.0.0+0x7772af)

Indirect leak of 4423992 byte(s) in 107 object(s) allocated from:
    #0 0x7fca109843f5 in __interceptor_aligned_alloc ../../../../src/libsanitizer/asan/asan_malloc_linux.cc:183
    #1 0x7fca0257d991  (/usr/lib/wsl/drivers/u0369254.inf_amd64_6f1e9c11bbc40f12/B369275/amdxc64.so+0x1324991)

Indirect leak of 262144 byte(s) in 1 object(s) allocated from:
    #0 0x7fca109843f5 in __interceptor_aligned_alloc ../../../../src/libsanitizer/asan/asan_malloc_linux.cc:183
    #1 0x7fca0239bdb2  (/usr/lib/wsl/drivers/u0369254.inf_amd64_6f1e9c11bbc40f12/B369275/amdxc64.so+0x1142db2)

Indirect leak of 262144 byte(s) in 1 object(s) allocated from:
    #0 0x7fca109843f5 in __interceptor_aligned_alloc ../../../../src/libsanitizer/asan/asan_malloc_linux.cc:183
    #1 0x7fca025efbaa  (/usr/lib/wsl/drivers/u0369254.inf_amd64_6f1e9c11bbc40f12/B369275/amdxc64.so+0x1396baa)

Indirect leak of 216960 byte(s) in 113 object(s) allocated from:
    #0 0x7fca109843f5 in __interceptor_aligned_alloc ../../../../src/libsanitizer/asan/asan_malloc_linux.cc:183
    #1 0x7fca025ac98c  (/usr/lib/wsl/drivers/u0369254.inf_amd64_6f1e9c11bbc40f12/B369275/amdxc64.so+0x135398c)

Indirect leak of 131968 byte(s) in 4 object(s) allocated from:
    #0 0x7fca109843f5 in __interceptor_aligned_alloc ../../../../src/libsanitizer/asan/asan_malloc_linux.cc:183
    #1 0x7fca026b0a5b  (/usr/lib/wsl/drivers/u0369254.inf_amd64_6f1e9c11bbc40f12/B369275/amdxc64.so+0x1457a5b)

Indirect leak of 131696 byte(s) in 95 object(s) allocated from:
    #0 0x7fca109843f5 in __interceptor_aligned_alloc ../../../../src/libsanitizer/asan/asan_malloc_linux.cc:183
    #1 0x7fca0238c30d  (/usr/lib/wsl/drivers/u0369254.inf_amd64_6f1e9c11bbc40f12/B369275/amdxc64.so+0x113330d)

Indirect leak of 102672 byte(s) in 18 object(s) allocated from:
    #0 0x7fca10983808 in __interceptor_malloc ../../../../src/libsanitizer/asan/asan_malloc_linux.cc:144
    #1 0x7fca051ad2e4  (/usr/lib/wsl/lib/libd3d12.so+0x8b2e4)
    #2 0x7fca04ffcdd2  (<unknown module>)

Indirect leak of 91632 byte(s) in 1 object(s) allocated from:
    #0 0x7fca10983808 in __interceptor_malloc ../../../../src/libsanitizer/asan/asan_malloc_linux.cc:144
    #1 0x7fca051ad2e4  (/usr/lib/wsl/lib/libd3d12.so+0x8b2e4)

Indirect leak of 90112 byte(s) in 22 object(s) allocated from:
    #0 0x7fca109843f5 in __interceptor_aligned_alloc ../../../../src/libsanitizer/asan/asan_malloc_linux.cc:183
    #1 0x7fca025f764a  (/usr/lib/wsl/drivers/u0369254.inf_amd64_6f1e9c11bbc40f12/B369275/amdxc64.so+0x139e64a)

Indirect leak of 84976 byte(s) in 113 object(s) allocated from:
    #0 0x7fca109843f5 in __interceptor_aligned_alloc ../../../../src/libsanitizer/asan/asan_malloc_linux.cc:183
    #1 0x7fca025ac8e2  (/usr/lib/wsl/drivers/u0369254.inf_amd64_6f1e9c11bbc40f12/B369275/amdxc64.so+0x13538e2)

Indirect leak of 65920 byte(s) in 5 object(s) allocated from:
    #0 0x7fca109843f5 in __interceptor_aligned_alloc ../../../../src/libsanitizer/asan/asan_malloc_linux.cc:183
    #1 0x7fca0248e41b  (/usr/lib/wsl/drivers/u0369254.inf_amd64_6f1e9c11bbc40f12/B369275/amdxc64.so+0x123541b)

Indirect leak of 61168 byte(s) in 1 object(s) allocated from:
    #0 0x7fca109843f5 in __interceptor_aligned_alloc ../../../../src/libsanitizer/asan/asan_malloc_linux.cc:183
    #1 0x7fca025c9a03  (/usr/lib/wsl/drivers/u0369254.inf_amd64_6f1e9c11bbc40f12/B369275/amdxc64.so+0x1370a03)
    #2 0x7fca025c45ba  (/usr/lib/wsl/drivers/u0369254.inf_amd64_6f1e9c11bbc40f12/B369275/amdxc64.so+0x136b5ba)

Indirect leak of 31968 byte(s) in 18 object(s) allocated from:
    #0 0x7fca10983808 in __interceptor_malloc ../../../../src/libsanitizer/asan/asan_malloc_linux.cc:144
    #1 0x7fca051ad2e4  (/usr/lib/wsl/lib/libd3d12.so+0x8b2e4)
    #2 0x7fca04f511db  (<unknown module>)

Indirect leak of 26096 byte(s) in 2 object(s) allocated from:
    #0 0x7fca109843f5 in __interceptor_aligned_alloc ../../../../src/libsanitizer/asan/asan_malloc_linux.cc:183
    #1 0x7fca02698338  (/usr/lib/wsl/drivers/u0369254.inf_amd64_6f1e9c11bbc40f12/B369275/amdxc64.so+0x143f338)

Indirect leak of 25744 byte(s) in 5 object(s) allocated from:
    #0 0x7fca109843f5 in __interceptor_aligned_alloc ../../../../src/libsanitizer/asan/asan_malloc_linux.cc:183
    #1 0x7fca025f1c41  (/usr/lib/wsl/drivers/u0369254.inf_amd64_6f1e9c11bbc40f12/B369275/amdxc64.so+0x1398c41)

Indirect leak of 22096 byte(s) in 11 object(s) allocated from:
    #0 0x7fca109843f5 in __interceptor_aligned_alloc ../../../../src/libsanitizer/asan/asan_malloc_linux.cc:183
    #1 0x7fca0239bff3  (/usr/lib/wsl/drivers/u0369254.inf_amd64_6f1e9c11bbc40f12/B369275/amdxc64.so+0x1142ff3)

Indirect leak of 14616 byte(s) in 1 object(s) allocated from:
    #0 0x7fca10983808 in __interceptor_malloc ../../../../src/libsanitizer/asan/asan_malloc_linux.cc:144
    #1 0x7fca051ad2e4  (/usr/lib/wsl/lib/libd3d12.so+0x8b2e4)
    #2 0x7fca04f3b1c9  (<unknown module>)

Indirect leak of 12640 byte(s) in 1 object(s) allocated from:
    #0 0x7fca109843f5 in __interceptor_aligned_alloc ../../../../src/libsanitizer/asan/asan_malloc_linux.cc:183
    #1 0x7fca024d7002  (/usr/lib/wsl/drivers/u0369254.inf_amd64_6f1e9c11bbc40f12/B369275/amdxc64.so+0x127e002)

Indirect leak of 12320 byte(s) in 1 object(s) allocated from:
    #0 0x7fca109843f5 in __interceptor_aligned_alloc ../../../../src/libsanitizer/asan/asan_malloc_linux.cc:183
    #1 0x7fca024932b2  (/usr/lib/wsl/drivers/u0369254.inf_amd64_6f1e9c11bbc40f12/B369275/amdxc64.so+0x123a2b2)

Indirect leak of 12176 byte(s) in 1 object(s) allocated from:
    #0 0x7fca109843f5 in __interceptor_aligned_alloc ../../../../src/libsanitizer/asan/asan_malloc_linux.cc:183
    #1 0x7fca025d3f16  (/usr/lib/wsl/drivers/u0369254.inf_amd64_6f1e9c11bbc40f12/B369275/amdxc64.so+0x137af16)

Indirect leak of 10328 byte(s) in 1 object(s) allocated from:
    #0 0x7fca10983a06 in __interceptor_calloc ../../../../src/libsanitizer/asan/asan_malloc_linux.cc:153
    #1 0x7fca02775880  (/usr/lib/wsl/drivers/u0369254.inf_amd64_6f1e9c11bbc40f12/B369275/amdxc64.so+0x151c880)
    #2 0x615000003eff  (<unknown module>)

Indirect leak of 10240 byte(s) in 5 object(s) allocated from:
    #0 0x7fca109843f5 in __interceptor_aligned_alloc ../../../../src/libsanitizer/asan/asan_malloc_linux.cc:183
    #1 0x7fca025b4309  (/usr/lib/wsl/drivers/u0369254.inf_amd64_6f1e9c11bbc40f12/B369275/amdxc64.so+0x135b309)

Indirect leak of 9408 byte(s) in 6 object(s) allocated from:
    #0 0x7fca109843f5 in __interceptor_aligned_alloc ../../../../src/libsanitizer/asan/asan_malloc_linux.cc:183
    #1 0x7fca024b5e22  (/usr/lib/wsl/drivers/u0369254.inf_amd64_6f1e9c11bbc40f12/B369275/amdxc64.so+0x125ce22)

Indirect leak of 9216 byte(s) in 1 object(s) allocated from:
    #0 0x7fca109843f5 in __interceptor_aligned_alloc ../../../../src/libsanitizer/asan/asan_malloc_linux.cc:183
    #1 0x7fca025b0d33  (/usr/lib/wsl/drivers/u0369254.inf_amd64_6f1e9c11bbc40f12/B369275/amdxc64.so+0x1357d33)
    #2 0x7fca02fe98df  (/usr/lib/wsl/drivers/u0369254.inf_amd64_6f1e9c11bbc40f12/B369275/amdxc64.so+0x1d908df)

Indirect leak of 8772 byte(s) in 57 object(s) allocated from:
    #0 0x7fca10983808 in __interceptor_malloc ../../../../src/libsanitizer/asan/asan_malloc_linux.cc:144
    #1 0x7fca04e283c5  (<unknown module>)

Indirect leak of 8688 byte(s) in 2 object(s) allocated from:
    #0 0x7fca10983808 in __interceptor_malloc ../../../../src/libsanitizer/asan/asan_malloc_linux.cc:144
    #1 0x7fca051ad2e4  (/usr/lib/wsl/lib/libd3d12.so+0x8b2e4)
    #2 0x7fca04f3d64f  (<unknown module>)

Indirect leak of 8192 byte(s) in 1 object(s) allocated from:
    #0 0x7fca109843f5 in __interceptor_aligned_alloc ../../../../src/libsanitizer/asan/asan_malloc_linux.cc:183
    #1 0x7fca025e8991  (/usr/lib/wsl/drivers/u0369254.inf_amd64_6f1e9c11bbc40f12/B369275/amdxc64.so+0x138f991)

Indirect leak of 7376 byte(s) in 1 object(s) allocated from:
    #0 0x7fca109843f5 in __interceptor_aligned_alloc ../../../../src/libsanitizer/asan/asan_malloc_linux.cc:183
    #1 0x7fca025b0d33  (/usr/lib/wsl/drivers/u0369254.inf_amd64_6f1e9c11bbc40f12/B369275/amdxc64.so+0x1357d33)
    #2 0x7fca02febcdf  (/usr/lib/wsl/drivers/u0369254.inf_amd64_6f1e9c11bbc40f12/B369275/amdxc64.so+0x1d92cdf)

Indirect leak of 7200 byte(s) in 5 object(s) allocated from:
    #0 0x7fca109843f5 in __interceptor_aligned_alloc ../../../../src/libsanitizer/asan/asan_malloc_linux.cc:183
    #1 0x7fca025df81e  (/usr/lib/wsl/drivers/u0369254.inf_amd64_6f1e9c11bbc40f12/B369275/amdxc64.so+0x138681e)

Indirect leak of 6704 byte(s) in 4 object(s) allocated from:
    #0 0x7fca109843f5 in __interceptor_aligned_alloc ../../../../src/libsanitizer/asan/asan_malloc_linux.cc:183
    #1 0x7fca025fc8de  (/usr/lib/wsl/drivers/u0369254.inf_amd64_6f1e9c11bbc40f12/B369275/amdxc64.so+0x13a38de)

Indirect leak of 5776 byte(s) in 1 object(s) allocated from:
    #0 0x7fca109843f5 in __interceptor_aligned_alloc ../../../../src/libsanitizer/asan/asan_malloc_linux.cc:183
    #1 0x7fca025b0d33  (/usr/lib/wsl/drivers/u0369254.inf_amd64_6f1e9c11bbc40f12/B369275/amdxc64.so+0x1357d33)
    #2 0x7fca02fc839f  (/usr/lib/wsl/drivers/u0369254.inf_amd64_6f1e9c11bbc40f12/B369275/amdxc64.so+0x1d6f39f)

Indirect leak of 5120 byte(s) in 160 object(s) allocated from:
    #0 0x7fca109843f5 in __interceptor_aligned_alloc ../../../../src/libsanitizer/asan/asan_malloc_linux.cc:183
    #1 0x7fca025dfb5d  (/usr/lib/wsl/drivers/u0369254.inf_amd64_6f1e9c11bbc40f12/B369275/amdxc64.so+0x1386b5d)

Indirect leak of 5120 byte(s) in 160 object(s) allocated from:
    #0 0x7fca109843f5 in __interceptor_aligned_alloc ../../../../src/libsanitizer/asan/asan_malloc_linux.cc:183
    #1 0x7fca025dfbbe  (/usr/lib/wsl/drivers/u0369254.inf_amd64_6f1e9c11bbc40f12/B369275/amdxc64.so+0x1386bbe)

Indirect leak of 4720 byte(s) in 118 object(s) allocated from:
    #0 0x7fca10983808 in __interceptor_malloc ../../../../src/libsanitizer/asan/asan_malloc_linux.cc:144
    #1 0x7fca04e3c55f  (<unknown module>)

Indirect leak of 4160 byte(s) in 2 object(s) allocated from:
    #0 0x7fca109843f5 in __interceptor_aligned_alloc ../../../../src/libsanitizer/asan/asan_malloc_linux.cc:183
    #1 0x7fca025f1995  (/usr/lib/wsl/drivers/u0369254.inf_amd64_6f1e9c11bbc40f12/B369275/amdxc64.so+0x1398995)

Indirect leak of 3904 byte(s) in 1 object(s) allocated from:
    #0 0x7fca109843f5 in __interceptor_aligned_alloc ../../../../src/libsanitizer/asan/asan_malloc_linux.cc:183
    #1 0x7fca025b0d33  (/usr/lib/wsl/drivers/u0369254.inf_amd64_6f1e9c11bbc40f12/B369275/amdxc64.so+0x1357d33)
    #2 0x7fca02fd1a1f  (/usr/lib/wsl/drivers/u0369254.inf_amd64_6f1e9c11bbc40f12/B369275/amdxc64.so+0x1d78a1f)

Indirect leak of 3872 byte(s) in 121 object(s) allocated from:
    #0 0x7fca109843f5 in __interceptor_aligned_alloc ../../../../src/libsanitizer/asan/asan_malloc_linux.cc:183
    #1 0x7fca025dfd34  (/usr/lib/wsl/drivers/u0369254.inf_amd64_6f1e9c11bbc40f12/B369275/amdxc64.so+0x1386d34)

Indirect leak of 3872 byte(s) in 121 object(s) allocated from:
    #0 0x7fca109843f5 in __interceptor_aligned_alloc ../../../../src/libsanitizer/asan/asan_malloc_linux.cc:183
    #1 0x7fca025dfd94  (/usr/lib/wsl/drivers/u0369254.inf_amd64_6f1e9c11bbc40f12/B369275/amdxc64.so+0x1386d94)

Indirect leak of 3720 byte(s) in 2 object(s) allocated from:
    #0 0x7fca10983808 in __interceptor_malloc ../../../../src/libsanitizer/asan/asan_malloc_linux.cc:144
    #1 0x7fca051ad2e4  (/usr/lib/wsl/lib/libd3d12.so+0x8b2e4)
    #2 0x7fca04f2990b  (<unknown module>)

Indirect leak of 3208 byte(s) in 1 object(s) allocated from:
    #0 0x7fca109843f5 in __interceptor_aligned_alloc ../../../../src/libsanitizer/asan/asan_malloc_linux.cc:183
    #1 0x7fca025be51b  (/usr/lib/wsl/drivers/u0369254.inf_amd64_6f1e9c11bbc40f12/B369275/amdxc64.so+0x136551b)
    #2 0x100200000000  (<unknown module>)

Indirect leak of 3120 byte(s) in 1 object(s) allocated from:
    #0 0x7fca109843f5 in __interceptor_aligned_alloc ../../../../src/libsanitizer/asan/asan_malloc_linux.cc:183
    #1 0x7fca025b0d33  (/usr/lib/wsl/drivers/u0369254.inf_amd64_6f1e9c11bbc40f12/B369275/amdxc64.so+0x1357d33)
    #2 0x7fca02fe0b1f  (/usr/lib/wsl/drivers/u0369254.inf_amd64_6f1e9c11bbc40f12/B369275/amdxc64.so+0x1d87b1f)

Indirect leak of 2944 byte(s) in 1 object(s) allocated from:
    #0 0x7fca109843f5 in __interceptor_aligned_alloc ../../../../src/libsanitizer/asan/asan_malloc_linux.cc:183
    #1 0x7fca025b0d33  (/usr/lib/wsl/drivers/u0369254.inf_amd64_6f1e9c11bbc40f12/B369275/amdxc64.so+0x1357d33)
    #2 0x7fca02fdd1df  (/usr/lib/wsl/drivers/u0369254.inf_amd64_6f1e9c11bbc40f12/B369275/amdxc64.so+0x1d841df)

Indirect leak of 2944 byte(s) in 1 object(s) allocated from:
    #0 0x7fca109843f5 in __interceptor_aligned_alloc ../../../../src/libsanitizer/asan/asan_malloc_linux.cc:183
    #1 0x7fca025b0d33  (/usr/lib/wsl/drivers/u0369254.inf_amd64_6f1e9c11bbc40f12/B369275/amdxc64.so+0x1357d33)
    #2 0x7fca02fe447f  (/usr/lib/wsl/drivers/u0369254.inf_amd64_6f1e9c11bbc40f12/B369275/amdxc64.so+0x1d8b47f)

Indirect leak of 2848 byte(s) in 1 object(s) allocated from:
    #0 0x7fca109843f5 in __interceptor_aligned_alloc ../../../../src/libsanitizer/asan/asan_malloc_linux.cc:183
    #1 0x7fca025b0d33  (/usr/lib/wsl/drivers/u0369254.inf_amd64_6f1e9c11bbc40f12/B369275/amdxc64.so+0x1357d33)
    #2 0x61e00000d87f  (<unknown module>)

Indirect leak of 2832 byte(s) in 1 object(s) allocated from:
    #0 0x7fca109843f5 in __interceptor_aligned_alloc ../../../../src/libsanitizer/asan/asan_malloc_linux.cc:183
    #1 0x7fca025b0d33  (/usr/lib/wsl/drivers/u0369254.inf_amd64_6f1e9c11bbc40f12/B369275/amdxc64.so+0x1357d33)
    #2 0x7fca02fe2e3f  (/usr/lib/wsl/drivers/u0369254.inf_amd64_6f1e9c11bbc40f12/B369275/amdxc64.so+0x1d89e3f)

Indirect leak of 2832 byte(s) in 1 object(s) allocated from:
    #0 0x7fca109843f5 in __interceptor_aligned_alloc ../../../../src/libsanitizer/asan/asan_malloc_linux.cc:183
    #1 0x7fca025b0d33  (/usr/lib/wsl/drivers/u0369254.inf_amd64_6f1e9c11bbc40f12/B369275/amdxc64.so+0x1357d33)
    #2 0x7fca02fe395f  (/usr/lib/wsl/drivers/u0369254.inf_amd64_6f1e9c11bbc40f12/B369275/amdxc64.so+0x1d8a95f)

Indirect leak of 2800 byte(s) in 1 object(s) allocated from:
    #0 0x7fca109843f5 in __interceptor_aligned_alloc ../../../../src/libsanitizer/asan/asan_malloc_linux.cc:183
    #1 0x7fca025b0d33  (/usr/lib/wsl/drivers/u0369254.inf_amd64_6f1e9c11bbc40f12/B369275/amdxc64.so+0x1357d33)
    #2 0x7fca02fdf51f  (/usr/lib/wsl/drivers/u0369254.inf_amd64_6f1e9c11bbc40f12/B369275/amdxc64.so+0x1d8651f)

Indirect leak of 2800 byte(s) in 1 object(s) allocated from:
    #0 0x7fca109843f5 in __interceptor_aligned_alloc ../../../../src/libsanitizer/asan/asan_malloc_linux.cc:183
    #1 0x7fca025b0d33  (/usr/lib/wsl/drivers/u0369254.inf_amd64_6f1e9c11bbc40f12/B369275/amdxc64.so+0x1357d33)
    #2 0x7fca02fe001f  (/usr/lib/wsl/drivers/u0369254.inf_amd64_6f1e9c11bbc40f12/B369275/amdxc64.so+0x1d8701f)

Indirect leak of 2752 byte(s) in 2 object(s) allocated from:
    #0 0x7fca109843f5 in __interceptor_aligned_alloc ../../../../src/libsanitizer/asan/asan_malloc_linux.cc:183
    #1 0x7fca024befe0  (/usr/lib/wsl/drivers/u0369254.inf_amd64_6f1e9c11bbc40f12/B369275/amdxc64.so+0x1265fe0)
    #2 0x7fca025f085a  (/usr/lib/wsl/drivers/u0369254.inf_amd64_6f1e9c11bbc40f12/B369275/amdxc64.so+0x139785a)

Indirect leak of 2688 byte(s) in 1 object(s) allocated from:
    #0 0x7fca109843f5 in __interceptor_aligned_alloc ../../../../src/libsanitizer/asan/asan_malloc_linux.cc:183
    #1 0x7fca025b0d33  (/usr/lib/wsl/drivers/u0369254.inf_amd64_6f1e9c11bbc40f12/B369275/amdxc64.so+0x1357d33)
    #2 0x7fca02fdc75f  (/usr/lib/wsl/drivers/u0369254.inf_amd64_6f1e9c11bbc40f12/B369275/amdxc64.so+0x1d8375f)

Indirect leak of 2688 byte(s) in 1 object(s) allocated from:
    #0 0x7fca109843f5 in __interceptor_aligned_alloc ../../../../src/libsanitizer/asan/asan_malloc_linux.cc:183
    #1 0x7fca025b0d33  (/usr/lib/wsl/drivers/u0369254.inf_amd64_6f1e9c11bbc40f12/B369275/amdxc64.so+0x1357d33)
    #2 0x7fca02fdbcdf  (/usr/lib/wsl/drivers/u0369254.inf_amd64_6f1e9c11bbc40f12/B369275/amdxc64.so+0x1d82cdf)

Indirect leak of 2672 byte(s) in 1 object(s) allocated from:
    #0 0x7fca109843f5 in __interceptor_aligned_alloc ../../../../src/libsanitizer/asan/asan_malloc_linux.cc:183
    #1 0x7fca025b0d33  (/usr/lib/wsl/drivers/u0369254.inf_amd64_6f1e9c11bbc40f12/B369275/amdxc64.so+0x1357d33)
    #2 0x61e00000b47f  (<unknown module>)

Indirect leak of 2528 byte(s) in 1 object(s) allocated from:
    #0 0x7fca109843f5 in __interceptor_aligned_alloc ../../../../src/libsanitizer/asan/asan_malloc_linux.cc:183
    #1 0x7fca025b0d33  (/usr/lib/wsl/drivers/u0369254.inf_amd64_6f1e9c11bbc40f12/B369275/amdxc64.so+0x1357d33)
    #2 0x7fca02fc9a3f  (/usr/lib/wsl/drivers/u0369254.inf_amd64_6f1e9c11bbc40f12/B369275/amdxc64.so+0x1d70a3f)

Indirect leak of 2448 byte(s) in 18 object(s) allocated from:
    #0 0x7fca10983a06 in __interceptor_calloc ../../../../src/libsanitizer/asan/asan_malloc_linux.cc:153
    #1 0x7fca0b7c9428  (/usr/lib/x86_64-linux-gnu/libasan.so.5.0.0+0xc22428)

Indirect leak of 2416 byte(s) in 1 object(s) allocated from:
    #0 0x7fca10983808 in __interceptor_malloc ../../../../src/libsanitizer/asan/asan_malloc_linux.cc:144
    #1 0x7fca051ad2e4  (/usr/lib/wsl/lib/libd3d12.so+0x8b2e4)
    #2 0x7fca04f365ae  (<unknown module>)

Indirect leak of 2368 byte(s) in 1 object(s) allocated from:
    #0 0x7fca109843f5 in __interceptor_aligned_alloc ../../../../src/libsanitizer/asan/asan_malloc_linux.cc:183
    #1 0x7fca025b0d33  (/usr/lib/wsl/drivers/u0369254.inf_amd64_6f1e9c11bbc40f12/B369275/amdxc64.so+0x1357d33)
    #2 0x7fca02fd311f  (/usr/lib/wsl/drivers/u0369254.inf_amd64_6f1e9c11bbc40f12/B369275/amdxc64.so+0x1d7a11f)

Indirect leak of 2352 byte(s) in 1 object(s) allocated from:
    #0 0x7fca109843f5 in __interceptor_aligned_alloc ../../../../src/libsanitizer/asan/asan_malloc_linux.cc:183
    #1 0x7fca025abfc1  (/usr/lib/wsl/drivers/u0369254.inf_amd64_6f1e9c11bbc40f12/B369275/amdxc64.so+0x1352fc1)
    #2 0x7fca02db4c5f  (/usr/lib/wsl/drivers/u0369254.inf_amd64_6f1e9c11bbc40f12/B369275/amdxc64.so+0x1b5bc5f)

Indirect leak of 2304 byte(s) in 1 object(s) allocated from:
    #0 0x7fca109843f5 in __interceptor_aligned_alloc ../../../../src/libsanitizer/asan/asan_malloc_linux.cc:183
    #1 0x7fca025b0d33  (/usr/lib/wsl/drivers/u0369254.inf_amd64_6f1e9c11bbc40f12/B369275/amdxc64.so+0x1357d33)
    #2 0x7fca02fc729f  (/usr/lib/wsl/drivers/u0369254.inf_amd64_6f1e9c11bbc40f12/B369275/amdxc64.so+0x1d6e29f)

Indirect leak of 2280 byte(s) in 1 object(s) allocated from:
    #0 0x7fca10983808 in __interceptor_malloc ../../../../src/libsanitizer/asan/asan_malloc_linux.cc:144
    #1 0x7fca051ad2e4  (/usr/lib/wsl/lib/libd3d12.so+0x8b2e4)
    #2 0x7fca04f43955  (<unknown module>)

Indirect leak of 2176 byte(s) in 1 object(s) allocated from:
    #0 0x7fca109843f5 in __interceptor_aligned_alloc ../../../../src/libsanitizer/asan/asan_malloc_linux.cc:183
    #1 0x7fca025b0d33  (/usr/lib/wsl/drivers/u0369254.inf_amd64_6f1e9c11bbc40f12/B369275/amdxc64.so+0x1357d33)
    #2 0x7fca02fda45f  (/usr/lib/wsl/drivers/u0369254.inf_amd64_6f1e9c11bbc40f12/B369275/amdxc64.so+0x1d8145f)

Indirect leak of 2144 byte(s) in 1 object(s) allocated from:
    #0 0x7fca109843f5 in __interceptor_aligned_alloc ../../../../src/libsanitizer/asan/asan_malloc_linux.cc:183
    #1 0x7fca025b0d33  (/usr/lib/wsl/drivers/u0369254.inf_amd64_6f1e9c11bbc40f12/B369275/amdxc64.so+0x1357d33)
    #2 0x7fca02fddd5f  (/usr/lib/wsl/drivers/u0369254.inf_amd64_6f1e9c11bbc40f12/B369275/amdxc64.so+0x1d84d5f)

Indirect leak of 2128 byte(s) in 1 object(s) allocated from:
    #0 0x7fca109843f5 in __interceptor_aligned_alloc ../../../../src/libsanitizer/asan/asan_malloc_linux.cc:183
    #1 0x7fca025b0d33  (/usr/lib/wsl/drivers/u0369254.inf_amd64_6f1e9c11bbc40f12/B369275/amdxc64.so+0x1357d33)
    #2 0x7fca02fcfe3f  (/usr/lib/wsl/drivers/u0369254.inf_amd64_6f1e9c11bbc40f12/B369275/amdxc64.so+0x1d76e3f)

Indirect leak of 2103 byte(s) in 1 object(s) allocated from:
    #0 0x7fca10983808 in __interceptor_malloc ../../../../src/libsanitizer/asan/asan_malloc_linux.cc:144
    #1 0x7fca051ad2e4  (/usr/lib/wsl/lib/libd3d12.so+0x8b2e4)
    #2 0x7fca04f55e8f  (<unknown module>)
    #3 0x6320000016cf  (<unknown module>)

Indirect leak of 2080 byte(s) in 1 object(s) allocated from:
    #0 0x7fca109843f5 in __interceptor_aligned_alloc ../../../../src/libsanitizer/asan/asan_malloc_linux.cc:183
    #1 0x7fca025abfc1  (/usr/lib/wsl/drivers/u0369254.inf_amd64_6f1e9c11bbc40f12/B369275/amdxc64.so+0x1352fc1)
    #2 0x7fca02dd9f7f  (/usr/lib/wsl/drivers/u0369254.inf_amd64_6f1e9c11bbc40f12/B369275/amdxc64.so+0x1b80f7f)

Indirect leak of 2080 byte(s) in 1 object(s) allocated from:
    #0 0x7fca109843f5 in __interceptor_aligned_alloc ../../../../src/libsanitizer/asan/asan_malloc_linux.cc:183
    #1 0x7fca025abfc1  (/usr/lib/wsl/drivers/u0369254.inf_amd64_6f1e9c11bbc40f12/B369275/amdxc64.so+0x1352fc1)
    #2 0x7fca02ddafbf  (/usr/lib/wsl/drivers/u0369254.inf_amd64_6f1e9c11bbc40f12/B369275/amdxc64.so+0x1b81fbf)

Indirect leak of 2064 byte(s) in 1 object(s) allocated from:
    #0 0x7fca109843f5 in __interceptor_aligned_alloc ../../../../src/libsanitizer/asan/asan_malloc_linux.cc:183
    #1 0x7fca025abfc1  (/usr/lib/wsl/drivers/u0369254.inf_amd64_6f1e9c11bbc40f12/B369275/amdxc64.so+0x1352fc1)
    #2 0x7fca02ddb7df  (/usr/lib/wsl/drivers/u0369254.inf_amd64_6f1e9c11bbc40f12/B369275/amdxc64.so+0x1b827df)

Indirect leak of 2064 byte(s) in 1 object(s) allocated from:
    #0 0x7fca109843f5 in __interceptor_aligned_alloc ../../../../src/libsanitizer/asan/asan_malloc_linux.cc:183
    #1 0x7fca025abfc1  (/usr/lib/wsl/drivers/u0369254.inf_amd64_6f1e9c11bbc40f12/B369275/amdxc64.so+0x1352fc1)
    #2 0x7fca02dda79f  (/usr/lib/wsl/drivers/u0369254.inf_amd64_6f1e9c11bbc40f12/B369275/amdxc64.so+0x1b8179f)

Indirect leak of 2064 byte(s) in 1 object(s) allocated from:
    #0 0x7fca109843f5 in __interceptor_aligned_alloc ../../../../src/libsanitizer/asan/asan_malloc_linux.cc:183
    #1 0x7fca025b0d33  (/usr/lib/wsl/drivers/u0369254.inf_amd64_6f1e9c11bbc40f12/B369275/amdxc64.so+0x1357d33)
    #2 0x7fca02fe175f  (/usr/lib/wsl/drivers/u0369254.inf_amd64_6f1e9c11bbc40f12/B369275/amdxc64.so+0x1d8875f)

Indirect leak of 2064 byte(s) in 1 object(s) allocated from:
    #0 0x7fca109843f5 in __interceptor_aligned_alloc ../../../../src/libsanitizer/asan/asan_malloc_linux.cc:183
    #1 0x7fca025abfc1  (/usr/lib/wsl/drivers/u0369254.inf_amd64_6f1e9c11bbc40f12/B369275/amdxc64.so+0x1352fc1)
    #2 0x7fca02ddbfff  (/usr/lib/wsl/drivers/u0369254.inf_amd64_6f1e9c11bbc40f12/B369275/amdxc64.so+0x1b82fff)

Indirect leak of 2048 byte(s) in 1 object(s) allocated from:
    #0 0x7fca109843f5 in __interceptor_aligned_alloc ../../../../src/libsanitizer/asan/asan_malloc_linux.cc:183
    #1 0x7fca025abfc1  (/usr/lib/wsl/drivers/u0369254.inf_amd64_6f1e9c11bbc40f12/B369275/amdxc64.so+0x1352fc1)
    #2 0x7fca02ddd81f  (/usr/lib/wsl/drivers/u0369254.inf_amd64_6f1e9c11bbc40f12/B369275/amdxc64.so+0x1b8481f)

Indirect leak of 2048 byte(s) in 1 object(s) allocated from:
    #0 0x7fca109843f5 in __interceptor_aligned_alloc ../../../../src/libsanitizer/asan/asan_malloc_linux.cc:183
    #1 0x7fca025abfc1  (/usr/lib/wsl/drivers/u0369254.inf_amd64_6f1e9c11bbc40f12/B369275/amdxc64.so+0x1352fc1)
    #2 0x7fca02ddd01f  (/usr/lib/wsl/drivers/u0369254.inf_amd64_6f1e9c11bbc40f12/B369275/amdxc64.so+0x1b8401f)

Indirect leak of 2048 byte(s) in 1 object(s) allocated from:
    #0 0x7fca109843f5 in __interceptor_aligned_alloc ../../../../src/libsanitizer/asan/asan_malloc_linux.cc:183
    #1 0x7fca025abfc1  (/usr/lib/wsl/drivers/u0369254.inf_amd64_6f1e9c11bbc40f12/B369275/amdxc64.so+0x1352fc1)
    #2 0x7fca02ddc81f  (/usr/lib/wsl/drivers/u0369254.inf_amd64_6f1e9c11bbc40f12/B369275/amdxc64.so+0x1b8381f)

Indirect leak of 2048 byte(s) in 1 object(s) allocated from:
    #0 0x7fca109843f5 in __interceptor_aligned_alloc ../../../../src/libsanitizer/asan/asan_malloc_linux.cc:183
    #1 0x7fca025b0d33  (/usr/lib/wsl/drivers/u0369254.inf_amd64_6f1e9c11bbc40f12/B369275/amdxc64.so+0x1357d33)
    #2 0x7fca02fdacdf  (/usr/lib/wsl/drivers/u0369254.inf_amd64_6f1e9c11bbc40f12/B369275/amdxc64.so+0x1d81cdf)

Indirect leak of 2048 byte(s) in 1 object(s) allocated from:
    #0 0x7fca109843f5 in __interceptor_aligned_alloc ../../../../src/libsanitizer/asan/asan_malloc_linux.cc:183
    #1 0x7fca025b0d33  (/usr/lib/wsl/drivers/u0369254.inf_amd64_6f1e9c11bbc40f12/B369275/amdxc64.so+0x1357d33)
    #2 0x7fca02fdb4df  (/usr/lib/wsl/drivers/u0369254.inf_amd64_6f1e9c11bbc40f12/B369275/amdxc64.so+0x1d824df)

Indirect leak of 2032 byte(s) in 1 object(s) allocated from:
    #0 0x7fca109843f5 in __interceptor_aligned_alloc ../../../../src/libsanitizer/asan/asan_malloc_linux.cc:183
    #1 0x7fca025b0d33  (/usr/lib/wsl/drivers/u0369254.inf_amd64_6f1e9c11bbc40f12/B369275/amdxc64.so+0x1357d33)
    #2 0x7fca02fc7b9f  (/usr/lib/wsl/drivers/u0369254.inf_amd64_6f1e9c11bbc40f12/B369275/amdxc64.so+0x1d6eb9f)

Indirect leak of 2032 byte(s) in 1 object(s) allocated from:
    #0 0x7fca109843f5 in __interceptor_aligned_alloc ../../../../src/libsanitizer/asan/asan_malloc_linux.cc:183
    #1 0x7fca025abfc1  (/usr/lib/wsl/drivers/u0369254.inf_amd64_6f1e9c11bbc40f12/B369275/amdxc64.so+0x1352fc1)
    #2 0x7fca02dd7fdf  (/usr/lib/wsl/drivers/u0369254.inf_amd64_6f1e9c11bbc40f12/B369275/amdxc64.so+0x1b7efdf)

Indirect leak of 2032 byte(s) in 1 object(s) allocated from:
    #0 0x7fca109843f5 in __interceptor_aligned_alloc ../../../../src/libsanitizer/asan/asan_malloc_linux.cc:183
    #1 0x7fca025abfc1  (/usr/lib/wsl/drivers/u0369254.inf_amd64_6f1e9c11bbc40f12/B369275/amdxc64.so+0x1352fc1)
    #2 0x7fca02dd6fdf  (/usr/lib/wsl/drivers/u0369254.inf_amd64_6f1e9c11bbc40f12/B369275/amdxc64.so+0x1b7dfdf)

Indirect leak of 2032 byte(s) in 1 object(s) allocated from:
    #0 0x7fca109843f5 in __interceptor_aligned_alloc ../../../../src/libsanitizer/asan/asan_malloc_linux.cc:183
    #1 0x7fca025abfc1  (/usr/lib/wsl/drivers/u0369254.inf_amd64_6f1e9c11bbc40f12/B369275/amdxc64.so+0x1352fc1)
    #2 0x7fca02dea7bf  (/usr/lib/wsl/drivers/u0369254.inf_amd64_6f1e9c11bbc40f12/B369275/amdxc64.so+0x1b917bf)

Indirect leak of 2032 byte(s) in 1 object(s) allocated from:
    #0 0x7fca109843f5 in __interceptor_aligned_alloc ../../../../src/libsanitizer/asan/asan_malloc_linux.cc:183
    #1 0x7fca0257d991  (/usr/lib/wsl/drivers/u0369254.inf_amd64_6f1e9c11bbc40f12/B369275/amdxc64.so+0x1324991)
    #2 0x1c000c0008  (<unknown module>)

Indirect leak of 2032 byte(s) in 1 object(s) allocated from:
    #0 0x7fca109843f5 in __interceptor_aligned_alloc ../../../../src/libsanitizer/asan/asan_malloc_linux.cc:183
    #1 0x7fca025abfc1  (/usr/lib/wsl/drivers/u0369254.inf_amd64_6f1e9c11bbc40f12/B369275/amdxc64.so+0x1352fc1)
    #2 0x7fca02dd67df  (/usr/lib/wsl/drivers/u0369254.inf_amd64_6f1e9c11bbc40f12/B369275/amdxc64.so+0x1b7d7df)

Indirect leak of 2032 byte(s) in 1 object(s) allocated from:
    #0 0x7fca109843f5 in __interceptor_aligned_alloc ../../../../src/libsanitizer/asan/asan_malloc_linux.cc:183
    #1 0x7fca025abfc1  (/usr/lib/wsl/drivers/u0369254.inf_amd64_6f1e9c11bbc40f12/B369275/amdxc64.so+0x1352fc1)
    #2 0x7fca02de97df  (/usr/lib/wsl/drivers/u0369254.inf_amd64_6f1e9c11bbc40f12/B369275/amdxc64.so+0x1b907df)

Indirect leak of 2032 byte(s) in 1 object(s) allocated from:
    #0 0x7fca109843f5 in __interceptor_aligned_alloc ../../../../src/libsanitizer/asan/asan_malloc_linux.cc:183
    #1 0x7fca025abfc1  (/usr/lib/wsl/drivers/u0369254.inf_amd64_6f1e9c11bbc40f12/B369275/amdxc64.so+0x1352fc1)
    #2 0x7fca02dd5fdf  (/usr/lib/wsl/drivers/u0369254.inf_amd64_6f1e9c11bbc40f12/B369275/amdxc64.so+0x1b7cfdf)

Indirect leak of 2032 byte(s) in 1 object(s) allocated from:
    #0 0x7fca109843f5 in __interceptor_aligned_alloc ../../../../src/libsanitizer/asan/asan_malloc_linux.cc:183
    #1 0x7fca025abfc1  (/usr/lib/wsl/drivers/u0369254.inf_amd64_6f1e9c11bbc40f12/B369275/amdxc64.so+0x1352fc1)
    #2 0x7fca02dd77df  (/usr/lib/wsl/drivers/u0369254.inf_amd64_6f1e9c11bbc40f12/B369275/amdxc64.so+0x1b7e7df)

Indirect leak of 2016 byte(s) in 1 object(s) allocated from:
    #0 0x7fca109843f5 in __interceptor_aligned_alloc ../../../../src/libsanitizer/asan/asan_malloc_linux.cc:183
    #1 0x7fca025abfc1  (/usr/lib/wsl/drivers/u0369254.inf_amd64_6f1e9c11bbc40f12/B369275/amdxc64.so+0x1352fc1)
    #2 0x7fca02de23ff  (/usr/lib/wsl/drivers/u0369254.inf_amd64_6f1e9c11bbc40f12/B369275/amdxc64.so+0x1b893ff)

Indirect leak of 2016 byte(s) in 1 object(s) allocated from:
    #0 0x7fca109843f5 in __interceptor_aligned_alloc ../../../../src/libsanitizer/asan/asan_malloc_linux.cc:183
    #1 0x7fca025abfc1  (/usr/lib/wsl/drivers/u0369254.inf_amd64_6f1e9c11bbc40f12/B369275/amdxc64.so+0x1352fc1)
    #2 0x7fca02de2bdf  (/usr/lib/wsl/drivers/u0369254.inf_amd64_6f1e9c11bbc40f12/B369275/amdxc64.so+0x1b89bdf)

Indirect leak of 2016 byte(s) in 1 object(s) allocated from:
    #0 0x7fca109843f5 in __interceptor_aligned_alloc ../../../../src/libsanitizer/asan/asan_malloc_linux.cc:183
    #1 0x7fca025abfc1  (/usr/lib/wsl/drivers/u0369254.inf_amd64_6f1e9c11bbc40f12/B369275/amdxc64.so+0x1352fc1)
    #2 0x7fca02de33bf  (/usr/lib/wsl/drivers/u0369254.inf_amd64_6f1e9c11bbc40f12/B369275/amdxc64.so+0x1b8a3bf)

Indirect leak of 2016 byte(s) in 1 object(s) allocated from:
    #0 0x7fca109843f5 in __interceptor_aligned_alloc ../../../../src/libsanitizer/asan/asan_malloc_linux.cc:183
    #1 0x7fca025abfc1  (/usr/lib/wsl/drivers/u0369254.inf_amd64_6f1e9c11bbc40f12/B369275/amdxc64.so+0x1352fc1)
    #2 0x7fca02de8fff  (/usr/lib/wsl/drivers/u0369254.inf_amd64_6f1e9c11bbc40f12/B369275/amdxc64.so+0x1b8ffff)

Indirect leak of 2016 byte(s) in 1 object(s) allocated from:
    #0 0x7fca109843f5 in __interceptor_aligned_alloc ../../../../src/libsanitizer/asan/asan_malloc_linux.cc:183
    #1 0x7fca025abfc1  (/usr/lib/wsl/drivers/u0369254.inf_amd64_6f1e9c11bbc40f12/B369275/amdxc64.so+0x1352fc1)
    #2 0x7fca02dd8fbf  (/usr/lib/wsl/drivers/u0369254.inf_amd64_6f1e9c11bbc40f12/B369275/amdxc64.so+0x1b7ffbf)

Indirect leak of 2016 byte(s) in 1 object(s) allocated from:
    #0 0x7fca109843f5 in __interceptor_aligned_alloc ../../../../src/libsanitizer/asan/asan_malloc_linux.cc:183
    #1 0x7fca025abfc1  (/usr/lib/wsl/drivers/u0369254.inf_amd64_6f1e9c11bbc40f12/B369275/amdxc64.so+0x1352fc1)
    #2 0x7fca02de1c1f  (/usr/lib/wsl/drivers/u0369254.inf_amd64_6f1e9c11bbc40f12/B369275/amdxc64.so+0x1b88c1f)

Indirect leak of 2016 byte(s) in 1 object(s) allocated from:
    #0 0x7fca109843f5 in __interceptor_aligned_alloc ../../../../src/libsanitizer/asan/asan_malloc_linux.cc:183
    #1 0x7fca025abfc1  (/usr/lib/wsl/drivers/u0369254.inf_amd64_6f1e9c11bbc40f12/B369275/amdxc64.so+0x1352fc1)
    #2 0x7fca02de3b9f  (/usr/lib/wsl/drivers/u0369254.inf_amd64_6f1e9c11bbc40f12/B369275/amdxc64.so+0x1b8ab9f)

Indirect leak of 2016 byte(s) in 1 object(s) allocated from:
    #0 0x7fca109843f5 in __interceptor_aligned_alloc ../../../../src/libsanitizer/asan/asan_malloc_linux.cc:183
    #1 0x7fca025abfc1  (/usr/lib/wsl/drivers/u0369254.inf_amd64_6f1e9c11bbc40f12/B369275/amdxc64.so+0x1352fc1)
    #2 0x7fca02dd87df  (/usr/lib/wsl/drivers/u0369254.inf_amd64_6f1e9c11bbc40f12/B369275/amdxc64.so+0x1b7f7df)

Indirect leak of 2016 byte(s) in 1 object(s) allocated from:
    #0 0x7fca109843f5 in __interceptor_aligned_alloc ../../../../src/libsanitizer/asan/asan_malloc_linux.cc:183
    #1 0x7fca025abfc1  (/usr/lib/wsl/drivers/u0369254.inf_amd64_6f1e9c11bbc40f12/B369275/amdxc64.so+0x1352fc1)
    #2 0x7fca02dd979f  (/usr/lib/wsl/drivers/u0369254.inf_amd64_6f1e9c11bbc40f12/B369275/amdxc64.so+0x1b8079f)

Indirect leak of 2000 byte(s) in 1 object(s) allocated from:
    #0 0x7fca109843f5 in __interceptor_aligned_alloc ../../../../src/libsanitizer/asan/asan_malloc_linux.cc:183
    #1 0x7fca025abfc1  (/usr/lib/wsl/drivers/u0369254.inf_amd64_6f1e9c11bbc40f12/B369275/amdxc64.so+0x1352fc1)
    #2 0x7fca02de437f  (/usr/lib/wsl/drivers/u0369254.inf_amd64_6f1e9c11bbc40f12/B369275/amdxc64.so+0x1b8b37f)

Indirect leak of 2000 byte(s) in 1 object(s) allocated from:
    #0 0x7fca109843f5 in __interceptor_aligned_alloc ../../../../src/libsanitizer/asan/asan_malloc_linux.cc:183
    #1 0x7fca025abfc1  (/usr/lib/wsl/drivers/u0369254.inf_amd64_6f1e9c11bbc40f12/B369275/amdxc64.so+0x1352fc1)
    #2 0x7fca02de4b5f  (/usr/lib/wsl/drivers/u0369254.inf_amd64_6f1e9c11bbc40f12/B369275/amdxc64.so+0x1b8bb5f)

Indirect leak of 2000 byte(s) in 1 object(s) allocated from:
    #0 0x7fca109843f5 in __interceptor_aligned_alloc ../../../../src/libsanitizer/asan/asan_malloc_linux.cc:183
    #1 0x7fca025abfc1  (/usr/lib/wsl/drivers/u0369254.inf_amd64_6f1e9c11bbc40f12/B369275/amdxc64.so+0x1352fc1)
    #2 0x7fca02de533f  (/usr/lib/wsl/drivers/u0369254.inf_amd64_6f1e9c11bbc40f12/B369275/amdxc64.so+0x1b8c33f)

Indirect leak of 2000 byte(s) in 1 object(s) allocated from:
    #0 0x7fca109843f5 in __interceptor_aligned_alloc ../../../../src/libsanitizer/asan/asan_malloc_linux.cc:183
    #1 0x7fca025abfc1  (/usr/lib/wsl/drivers/u0369254.inf_amd64_6f1e9c11bbc40f12/B369275/amdxc64.so+0x1352fc1)
    #2 0x7fca02de881f  (/usr/lib/wsl/drivers/u0369254.inf_amd64_6f1e9c11bbc40f12/B369275/amdxc64.so+0x1b8f81f)

Indirect leak of 2000 byte(s) in 1 object(s) allocated from:
    #0 0x7fca109843f5 in __interceptor_aligned_alloc ../../../../src/libsanitizer/asan/asan_malloc_linux.cc:183
    #1 0x7fca025abfc1  (/usr/lib/wsl/drivers/u0369254.inf_amd64_6f1e9c11bbc40f12/B369275/amdxc64.so+0x1352fc1)
    #2 0x7fca02de9fdf  (/usr/lib/wsl/drivers/u0369254.inf_amd64_6f1e9c11bbc40f12/B369275/amdxc64.so+0x1b90fdf)

Indirect leak of 1984 byte(s) in 1 object(s) allocated from:
    #0 0x7fca109843f5 in __interceptor_aligned_alloc ../../../../src/libsanitizer/asan/asan_malloc_linux.cc:183
    #1 0x7fca025abfc1  (/usr/lib/wsl/drivers/u0369254.inf_amd64_6f1e9c11bbc40f12/B369275/amdxc64.so+0x1352fc1)
    #2 0x7fca02db5d1f  (/usr/lib/wsl/drivers/u0369254.inf_amd64_6f1e9c11bbc40f12/B369275/amdxc64.so+0x1b5cd1f)

Indirect leak of 1984 byte(s) in 1 object(s) allocated from:
    #0 0x7fca109843f5 in __interceptor_aligned_alloc ../../../../src/libsanitizer/asan/asan_malloc_linux.cc:183
    #1 0x7fca025abfc1  (/usr/lib/wsl/drivers/u0369254.inf_amd64_6f1e9c11bbc40f12/B369275/amdxc64.so+0x1352fc1)
    #2 0x7fca02deafbf  (/usr/lib/wsl/drivers/u0369254.inf_amd64_6f1e9c11bbc40f12/B369275/amdxc64.so+0x1b91fbf)

Indirect leak of 1984 byte(s) in 1 object(s) allocated from:
    #0 0x7fca109843f5 in __interceptor_aligned_alloc ../../../../src/libsanitizer/asan/asan_malloc_linux.cc:183
    #1 0x7fca025b0d33  (/usr/lib/wsl/drivers/u0369254.inf_amd64_6f1e9c11bbc40f12/B369275/amdxc64.so+0x1357d33)
    #2 0x7fca02fde5bf  (/usr/lib/wsl/drivers/u0369254.inf_amd64_6f1e9c11bbc40f12/B369275/amdxc64.so+0x1d855bf)

Indirect leak of 1984 byte(s) in 1 object(s) allocated from:
    #0 0x7fca109843f5 in __interceptor_aligned_alloc ../../../../src/libsanitizer/asan/asan_malloc_linux.cc:183
    #1 0x7fca025abfc1  (/usr/lib/wsl/drivers/u0369254.inf_amd64_6f1e9c11bbc40f12/B369275/amdxc64.so+0x1352fc1)
    #2 0x7fca02db6c5f  (/usr/lib/wsl/drivers/u0369254.inf_amd64_6f1e9c11bbc40f12/B369275/amdxc64.so+0x1b5dc5f)

Indirect leak of 1968 byte(s) in 1 object(s) allocated from:
    #0 0x7fca109843f5 in __interceptor_aligned_alloc ../../../../src/libsanitizer/asan/asan_malloc_linux.cc:183
    #1 0x7fca025abfc1  (/usr/lib/wsl/drivers/u0369254.inf_amd64_6f1e9c11bbc40f12/B369275/amdxc64.so+0x1352fc1)
    #2 0x7fca02db7bdf  (/usr/lib/wsl/drivers/u0369254.inf_amd64_6f1e9c11bbc40f12/B369275/amdxc64.so+0x1b5ebdf)

Indirect leak of 1968 byte(s) in 1 object(s) allocated from:
    #0 0x7fca109843f5 in __interceptor_aligned_alloc ../../../../src/libsanitizer/asan/asan_malloc_linux.cc:183
    #1 0x7fca025abfc1  (/usr/lib/wsl/drivers/u0369254.inf_amd64_6f1e9c11bbc40f12/B369275/amdxc64.so+0x1352fc1)
    #2 0x7fca02dcafdf  (/usr/lib/wsl/drivers/u0369254.inf_amd64_6f1e9c11bbc40f12/B369275/amdxc64.so+0x1b71fdf)

Indirect leak of 1968 byte(s) in 1 object(s) allocated from:
    #0 0x7fca109843f5 in __interceptor_aligned_alloc ../../../../src/libsanitizer/asan/asan_malloc_linux.cc:183
    #1 0x7fca025abfc1  (/usr/lib/wsl/drivers/u0369254.inf_amd64_6f1e9c11bbc40f12/B369275/amdxc64.so+0x1352fc1)
    #2 0x7fca02db839f  (/usr/lib/wsl/drivers/u0369254.inf_amd64_6f1e9c11bbc40f12/B369275/amdxc64.so+0x1b5f39f)

Indirect leak of 1968 byte(s) in 1 object(s) allocated from:
    #0 0x7fca109843f5 in __interceptor_aligned_alloc ../../../../src/libsanitizer/asan/asan_malloc_linux.cc:183
    #1 0x7fca025abfc1  (/usr/lib/wsl/drivers/u0369254.inf_amd64_6f1e9c11bbc40f12/B369275/amdxc64.so+0x1352fc1)
    #2 0x7fca02dce59f  (/usr/lib/wsl/drivers/u0369254.inf_amd64_6f1e9c11bbc40f12/B369275/amdxc64.so+0x1b7559f)

Indirect leak of 1968 byte(s) in 1 object(s) allocated from:
    #0 0x7fca109843f5 in __interceptor_aligned_alloc ../../../../src/libsanitizer/asan/asan_malloc_linux.cc:183
    #1 0x7fca025abfc1  (/usr/lib/wsl/drivers/u0369254.inf_amd64_6f1e9c11bbc40f12/B369275/amdxc64.so+0x1352fc1)
    #2 0x7fca02dcb79f  (/usr/lib/wsl/drivers/u0369254.inf_amd64_6f1e9c11bbc40f12/B369275/amdxc64.so+0x1b7279f)

Indirect leak of 1968 byte(s) in 1 object(s) allocated from:
    #0 0x7fca109843f5 in __interceptor_aligned_alloc ../../../../src/libsanitizer/asan/asan_malloc_linux.cc:183
    #1 0x7fca025abfc1  (/usr/lib/wsl/drivers/u0369254.inf_amd64_6f1e9c11bbc40f12/B369275/amdxc64.so+0x1352fc1)
    #2 0x7fca02dbef5f  (/usr/lib/wsl/drivers/u0369254.inf_amd64_6f1e9c11bbc40f12/B369275/amdxc64.so+0x1b65f5f)

Indirect leak of 1968 byte(s) in 1 object(s) allocated from:
    #0 0x7fca109843f5 in __interceptor_aligned_alloc ../../../../src/libsanitizer/asan/asan_malloc_linux.cc:183
    #1 0x7fca025b0d33  (/usr/lib/wsl/drivers/u0369254.inf_amd64_6f1e9c11bbc40f12/B369275/amdxc64.so+0x1357d33)
    #2 0x7fca02fd295f  (/usr/lib/wsl/drivers/u0369254.inf_amd64_6f1e9c11bbc40f12/B369275/amdxc64.so+0x1d7995f)

Indirect leak of 1968 byte(s) in 1 object(s) allocated from:
    #0 0x7fca109843f5 in __interceptor_aligned_alloc ../../../../src/libsanitizer/asan/asan_malloc_linux.cc:183
    #1 0x7fca025abfc1  (/usr/lib/wsl/drivers/u0369254.inf_amd64_6f1e9c11bbc40f12/B369275/amdxc64.so+0x1352fc1)
    #2 0x7fca02dc4bff  (/usr/lib/wsl/drivers/u0369254.inf_amd64_6f1e9c11bbc40f12/B369275/amdxc64.so+0x1b6bbff)

Indirect leak of 1968 byte(s) in 1 object(s) allocated from:
    #0 0x7fca109843f5 in __interceptor_aligned_alloc ../../../../src/libsanitizer/asan/asan_malloc_linux.cc:183
    #1 0x7fca025abfc1  (/usr/lib/wsl/drivers/u0369254.inf_amd64_6f1e9c11bbc40f12/B369275/amdxc64.so+0x1352fc1)
    #2 0x7fca02dc0e5f  (/usr/lib/wsl/drivers/u0369254.inf_amd64_6f1e9c11bbc40f12/B369275/amdxc64.so+0x1b67e5f)

Indirect leak of 1968 byte(s) in 1 object(s) allocated from:
    #0 0x7fca109843f5 in __interceptor_aligned_alloc ../../../../src/libsanitizer/asan/asan_malloc_linux.cc:183
    #1 0x7fca025abfc1  (/usr/lib/wsl/drivers/u0369254.inf_amd64_6f1e9c11bbc40f12/B369275/amdxc64.so+0x1352fc1)
    #2 0x7fca02dc6a9f  (/usr/lib/wsl/drivers/u0369254.inf_amd64_6f1e9c11bbc40f12/B369275/amdxc64.so+0x1b6da9f)

Indirect leak of 1968 byte(s) in 1 object(s) allocated from:
    #0 0x7fca109843f5 in __interceptor_aligned_alloc ../../../../src/libsanitizer/asan/asan_malloc_linux.cc:183
    #1 0x7fca025abfc1  (/usr/lib/wsl/drivers/u0369254.inf_amd64_6f1e9c11bbc40f12/B369275/amdxc64.so+0x1352fc1)
    #2 0x7fca02dc7a1f  (/usr/lib/wsl/drivers/u0369254.inf_amd64_6f1e9c11bbc40f12/B369275/amdxc64.so+0x1b6ea1f)

Indirect leak of 1968 byte(s) in 1 object(s) allocated from:
    #0 0x7fca109843f5 in __interceptor_aligned_alloc ../../../../src/libsanitizer/asan/asan_malloc_linux.cc:183
    #1 0x7fca025abfc1  (/usr/lib/wsl/drivers/u0369254.inf_amd64_6f1e9c11bbc40f12/B369275/amdxc64.so+0x1352fc1)
    #2 0x7fca02dbd0bf  (/usr/lib/wsl/drivers/u0369254.inf_amd64_6f1e9c11bbc40f12/B369275/amdxc64.so+0x1b640bf)

Indirect leak of 1968 byte(s) in 1 object(s) allocated from:
    #0 0x7fca109843f5 in __interceptor_aligned_alloc ../../../../src/libsanitizer/asan/asan_malloc_linux.cc:183
    #1 0x7fca025abfc1  (/usr/lib/wsl/drivers/u0369254.inf_amd64_6f1e9c11bbc40f12/B369275/amdxc64.so+0x1352fc1)
    #2 0x7fca02dc2cff  (/usr/lib/wsl/drivers/u0369254.inf_amd64_6f1e9c11bbc40f12/B369275/amdxc64.so+0x1b69cff)

Indirect leak of 1968 byte(s) in 1 object(s) allocated from:
    #0 0x7fca109843f5 in __interceptor_aligned_alloc ../../../../src/libsanitizer/asan/asan_malloc_linux.cc:183
    #1 0x7fca025abfc1  (/usr/lib/wsl/drivers/u0369254.inf_amd64_6f1e9c11bbc40f12/B369275/amdxc64.so+0x1352fc1)
    #2 0x7fca02db931f  (/usr/lib/wsl/drivers/u0369254.inf_amd64_6f1e9c11bbc40f12/B369275/amdxc64.so+0x1b6031f)

Indirect leak of 1968 byte(s) in 1 object(s) allocated from:
    #0 0x7fca109843f5 in __interceptor_aligned_alloc ../../../../src/libsanitizer/asan/asan_malloc_linux.cc:183
    #1 0x7fca025abfc1  (/usr/lib/wsl/drivers/u0369254.inf_amd64_6f1e9c11bbc40f12/B369275/amdxc64.so+0x1352fc1)
    #2 0x7fca02dbc13f  (/usr/lib/wsl/drivers/u0369254.inf_amd64_6f1e9c11bbc40f12/B369275/amdxc64.so+0x1b6313f)

Indirect leak of 1968 byte(s) in 1 object(s) allocated from:
    #0 0x7fca109843f5 in __interceptor_aligned_alloc ../../../../src/libsanitizer/asan/asan_malloc_linux.cc:183
    #1 0x7fca025abfc1  (/usr/lib/wsl/drivers/u0369254.inf_amd64_6f1e9c11bbc40f12/B369275/amdxc64.so+0x1352fc1)
    #2 0x7fca02db741f  (/usr/lib/wsl/drivers/u0369254.inf_amd64_6f1e9c11bbc40f12/B369275/amdxc64.so+0x1b5e41f)

Indirect leak of 1968 byte(s) in 1 object(s) allocated from:
    #0 0x7fca109843f5 in __interceptor_aligned_alloc ../../../../src/libsanitizer/asan/asan_malloc_linux.cc:183
    #1 0x7fca025abfc1  (/usr/lib/wsl/drivers/u0369254.inf_amd64_6f1e9c11bbc40f12/B369275/amdxc64.so+0x1352fc1)
    #2 0x7fca02dbb1bf  (/usr/lib/wsl/drivers/u0369254.inf_amd64_6f1e9c11bbc40f12/B369275/amdxc64.so+0x1b621bf)

Indirect leak of 1968 byte(s) in 1 object(s) allocated from:
    #0 0x7fca109843f5 in __interceptor_aligned_alloc ../../../../src/libsanitizer/asan/asan_malloc_linux.cc:183
    #1 0x7fca025abfc1  (/usr/lib/wsl/drivers/u0369254.inf_amd64_6f1e9c11bbc40f12/B369275/amdxc64.so+0x1352fc1)
    #2 0x7fca02dc3c7f  (/usr/lib/wsl/drivers/u0369254.inf_amd64_6f1e9c11bbc40f12/B369275/amdxc64.so+0x1b6ac7f)

Indirect leak of 1968 byte(s) in 1 object(s) allocated from:
    #0 0x7fca109843f5 in __interceptor_aligned_alloc ../../../../src/libsanitizer/asan/asan_malloc_linux.cc:183
    #1 0x7fca025abfc1  (/usr/lib/wsl/drivers/u0369254.inf_amd64_6f1e9c11bbc40f12/B369275/amdxc64.so+0x1352fc1)
    #2 0x7fca02dc34bf  (/usr/lib/wsl/drivers/u0369254.inf_amd64_6f1e9c11bbc40f12/B369275/amdxc64.so+0x1b6a4bf)

Indirect leak of 1968 byte(s) in 1 object(s) allocated from:
    #0 0x7fca109843f5 in __interceptor_aligned_alloc ../../../../src/libsanitizer/asan/asan_malloc_linux.cc:183
    #1 0x7fca025abfc1  (/usr/lib/wsl/drivers/u0369254.inf_amd64_6f1e9c11bbc40f12/B369275/amdxc64.so+0x1352fc1)
    #2 0x7fca02db8b5f  (/usr/lib/wsl/drivers/u0369254.inf_amd64_6f1e9c11bbc40f12/B369275/amdxc64.so+0x1b5fb5f)

Indirect leak of 1968 byte(s) in 1 object(s) allocated from:
    #0 0x7fca109843f5 in __interceptor_aligned_alloc ../../../../src/libsanitizer/asan/asan_malloc_linux.cc:183
    #1 0x7fca025abfc1  (/usr/lib/wsl/drivers/u0369254.inf_amd64_6f1e9c11bbc40f12/B369275/amdxc64.so+0x1352fc1)
    #2 0x7fca02dbb97f  (/usr/lib/wsl/drivers/u0369254.inf_amd64_6f1e9c11bbc40f12/B369275/amdxc64.so+0x1b6297f)

Indirect leak of 1968 byte(s) in 1 object(s) allocated from:
    #0 0x7fca109843f5 in __interceptor_aligned_alloc ../../../../src/libsanitizer/asan/asan_malloc_linux.cc:183
    #1 0x7fca025abfc1  (/usr/lib/wsl/drivers/u0369254.inf_amd64_6f1e9c11bbc40f12/B369275/amdxc64.so+0x1352fc1)
    #2 0x7fca02dbc8ff  (/usr/lib/wsl/drivers/u0369254.inf_amd64_6f1e9c11bbc40f12/B369275/amdxc64.so+0x1b638ff)

Indirect leak of 1968 byte(s) in 1 object(s) allocated from:
    #0 0x7fca109843f5 in __interceptor_aligned_alloc ../../../../src/libsanitizer/asan/asan_malloc_linux.cc:183
    #1 0x7fca025abfc1  (/usr/lib/wsl/drivers/u0369254.inf_amd64_6f1e9c11bbc40f12/B369275/amdxc64.so+0x1352fc1)
    #2 0x7fca02dbf71f  (/usr/lib/wsl/drivers/u0369254.inf_amd64_6f1e9c11bbc40f12/B369275/amdxc64.so+0x1b6671f)

Indirect leak of 1968 byte(s) in 1 object(s) allocated from:
    #0 0x7fca109843f5 in __interceptor_aligned_alloc ../../../../src/libsanitizer/asan/asan_malloc_linux.cc:183
    #1 0x7fca025abfc1  (/usr/lib/wsl/drivers/u0369254.inf_amd64_6f1e9c11bbc40f12/B369275/amdxc64.so+0x1352fc1)
    #2 0x7fca02dbfedf  (/usr/lib/wsl/drivers/u0369254.inf_amd64_6f1e9c11bbc40f12/B369275/amdxc64.so+0x1b66edf)

Indirect leak of 1968 byte(s) in 1 object(s) allocated from:
    #0 0x7fca109843f5 in __interceptor_aligned_alloc ../../../../src/libsanitizer/asan/asan_malloc_linux.cc:183
    #1 0x7fca025abfc1  (/usr/lib/wsl/drivers/u0369254.inf_amd64_6f1e9c11bbc40f12/B369275/amdxc64.so+0x1352fc1)
    #2 0x7fca02dc069f  (/usr/lib/wsl/drivers/u0369254.inf_amd64_6f1e9c11bbc40f12/B369275/amdxc64.so+0x1b6769f)

Indirect leak of 1968 byte(s) in 1 object(s) allocated from:
    #0 0x7fca109843f5 in __interceptor_aligned_alloc ../../../../src/libsanitizer/asan/asan_malloc_linux.cc:183
    #1 0x7fca025abfc1  (/usr/lib/wsl/drivers/u0369254.inf_amd64_6f1e9c11bbc40f12/B369275/amdxc64.so+0x1352fc1)
    #2 0x7fca02dc443f  (/usr/lib/wsl/drivers/u0369254.inf_amd64_6f1e9c11bbc40f12/B369275/amdxc64.so+0x1b6b43f)

Indirect leak of 1968 byte(s) in 1 object(s) allocated from:
    #0 0x7fca109843f5 in __interceptor_aligned_alloc ../../../../src/libsanitizer/asan/asan_malloc_linux.cc:183
    #1 0x7fca025abfc1  (/usr/lib/wsl/drivers/u0369254.inf_amd64_6f1e9c11bbc40f12/B369275/amdxc64.so+0x1352fc1)
    #2 0x7fca02dc725f  (/usr/lib/wsl/drivers/u0369254.inf_amd64_6f1e9c11bbc40f12/B369275/amdxc64.so+0x1b6e25f)

Indirect leak of 1968 byte(s) in 1 object(s) allocated from:
    #0 0x7fca109843f5 in __interceptor_aligned_alloc ../../../../src/libsanitizer/asan/asan_malloc_linux.cc:183
    #1 0x7fca025abfc1  (/usr/lib/wsl/drivers/u0369254.inf_amd64_6f1e9c11bbc40f12/B369275/amdxc64.so+0x1352fc1)
    #2 0x7fca02dc81df  (/usr/lib/wsl/drivers/u0369254.inf_amd64_6f1e9c11bbc40f12/B369275/amdxc64.so+0x1b6f1df)

Indirect leak of 1968 byte(s) in 1 object(s) allocated from:
    #0 0x7fca109843f5 in __interceptor_aligned_alloc ../../../../src/libsanitizer/asan/asan_malloc_linux.cc:183
    #1 0x7fca025abfc1  (/usr/lib/wsl/drivers/u0369254.inf_amd64_6f1e9c11bbc40f12/B369275/amdxc64.so+0x1352fc1)
    #2 0x7fca02dcbf5f  (/usr/lib/wsl/drivers/u0369254.inf_amd64_6f1e9c11bbc40f12/B369275/amdxc64.so+0x1b72f5f)

Indirect leak of 1968 byte(s) in 1 object(s) allocated from:
    #0 0x7fca109843f5 in __interceptor_aligned_alloc ../../../../src/libsanitizer/asan/asan_malloc_linux.cc:183
    #1 0x7fca025abfc1  (/usr/lib/wsl/drivers/u0369254.inf_amd64_6f1e9c11bbc40f12/B369275/amdxc64.so+0x1352fc1)
    #2 0x7fca02dcf4ff  (/usr/lib/wsl/drivers/u0369254.inf_amd64_6f1e9c11bbc40f12/B369275/amdxc64.so+0x1b764ff)

Indirect leak of 1968 byte(s) in 1 object(s) allocated from:
    #0 0x7fca109843f5 in __interceptor_aligned_alloc ../../../../src/libsanitizer/asan/asan_malloc_linux.cc:183
    #1 0x7fca025abfc1  (/usr/lib/wsl/drivers/u0369254.inf_amd64_6f1e9c11bbc40f12/B369275/amdxc64.so+0x1352fc1)
    #2 0x7fca02dca81f  (/usr/lib/wsl/drivers/u0369254.inf_amd64_6f1e9c11bbc40f12/B369275/amdxc64.so+0x1b7181f)

Indirect leak of 1952 byte(s) in 1 object(s) allocated from:
    #0 0x7fca109843f5 in __interceptor_aligned_alloc ../../../../src/libsanitizer/asan/asan_malloc_linux.cc:183
    #1 0x7fca025abfc1  (/usr/lib/wsl/drivers/u0369254.inf_amd64_6f1e9c11bbc40f12/B369275/amdxc64.so+0x1352fc1)
    #2 0x7fca02dd22df  (/usr/lib/wsl/drivers/u0369254.inf_amd64_6f1e9c11bbc40f12/B369275/amdxc64.so+0x1b792df)

Indirect leak of 1952 byte(s) in 1 object(s) allocated from:
    #0 0x7fca109843f5 in __interceptor_aligned_alloc ../../../../src/libsanitizer/asan/asan_malloc_linux.cc:183
    #1 0x7fca025abfc1  (/usr/lib/wsl/drivers/u0369254.inf_amd64_6f1e9c11bbc40f12/B369275/amdxc64.so+0x1352fc1)
    #2 0x7fca02dcc71f  (/usr/lib/wsl/drivers/u0369254.inf_amd64_6f1e9c11bbc40f12/B369275/amdxc64.so+0x1b7371f)

Indirect leak of 1952 byte(s) in 1 object(s) allocated from:
    #0 0x7fca109843f5 in __interceptor_aligned_alloc ../../../../src/libsanitizer/asan/asan_malloc_linux.cc:183
    #1 0x7fca025abfc1  (/usr/lib/wsl/drivers/u0369254.inf_amd64_6f1e9c11bbc40f12/B369275/amdxc64.so+0x1352fc1)
    #2 0x7fca02dbe01f  (/usr/lib/wsl/drivers/u0369254.inf_amd64_6f1e9c11bbc40f12/B369275/amdxc64.so+0x1b6501f)

Indirect leak of 1952 byte(s) in 1 object(s) allocated from:
    #0 0x7fca109843f5 in __interceptor_aligned_alloc ../../../../src/libsanitizer/asan/asan_malloc_linux.cc:183
    #1 0x7fca025abfc1  (/usr/lib/wsl/drivers/u0369254.inf_amd64_6f1e9c11bbc40f12/B369275/amdxc64.so+0x1352fc1)
    #2 0x7fca02dd415f  (/usr/lib/wsl/drivers/u0369254.inf_amd64_6f1e9c11bbc40f12/B369275/amdxc64.so+0x1b7b15f)

Indirect leak of 1952 byte(s) in 1 object(s) allocated from:
    #0 0x7fca109843f5 in __interceptor_aligned_alloc ../../../../src/libsanitizer/asan/asan_malloc_linux.cc:183
    #1 0x7fca025abfc1  (/usr/lib/wsl/drivers/u0369254.inf_amd64_6f1e9c11bbc40f12/B369275/amdxc64.so+0x1352fc1)
    #2 0x7fca02dc899f  (/usr/lib/wsl/drivers/u0369254.inf_amd64_6f1e9c11bbc40f12/B369275/amdxc64.so+0x1b6f99f)

Indirect leak of 1952 byte(s) in 1 object(s) allocated from:
    #0 0x7fca109843f5 in __interceptor_aligned_alloc ../../../../src/libsanitizer/asan/asan_malloc_linux.cc:183
    #1 0x7fca025abfc1  (/usr/lib/wsl/drivers/u0369254.inf_amd64_6f1e9c11bbc40f12/B369275/amdxc64.so+0x1352fc1)
    #2 0x7fca02dc98df  (/usr/lib/wsl/drivers/u0369254.inf_amd64_6f1e9c11bbc40f12/B369275/amdxc64.so+0x1b708df)

Indirect leak of 1952 byte(s) in 1 object(s) allocated from:
    #0 0x7fca109843f5 in __interceptor_aligned_alloc ../../../../src/libsanitizer/asan/asan_malloc_linux.cc:183
    #1 0x7fca025b0d33  (/usr/lib/wsl/drivers/u0369254.inf_amd64_6f1e9c11bbc40f12/B369275/amdxc64.so+0x1357d33)
    #2 0x7fca02fded7f  (/usr/lib/wsl/drivers/u0369254.inf_amd64_6f1e9c11bbc40f12/B369275/amdxc64.so+0x1d85d7f)

Indirect leak of 1952 byte(s) in 1 object(s) allocated from:
    #0 0x7fca109843f5 in __interceptor_aligned_alloc ../../../../src/libsanitizer/asan/asan_malloc_linux.cc:183
    #1 0x7fca025b0d33  (/usr/lib/wsl/drivers/u0369254.inf_amd64_6f1e9c11bbc40f12/B369275/amdxc64.so+0x1357d33)
    #2 0x7fca02fe8bbf  (/usr/lib/wsl/drivers/u0369254.inf_amd64_6f1e9c11bbc40f12/B369275/amdxc64.so+0x1d8fbbf)

Indirect leak of 1952 byte(s) in 1 object(s) allocated from:
    #0 0x7fca109843f5 in __interceptor_aligned_alloc ../../../../src/libsanitizer/asan/asan_malloc_linux.cc:183
    #1 0x7fca025abfc1  (/usr/lib/wsl/drivers/u0369254.inf_amd64_6f1e9c11bbc40f12/B369275/amdxc64.so+0x1352fc1)
    #2 0x7fca02dc5b5f  (/usr/lib/wsl/drivers/u0369254.inf_amd64_6f1e9c11bbc40f12/B369275/amdxc64.so+0x1b6cb5f)

Indirect leak of 1952 byte(s) in 1 object(s) allocated from:
    #0 0x7fca109843f5 in __interceptor_aligned_alloc ../../../../src/libsanitizer/asan/asan_malloc_linux.cc:183
    #1 0x7fca025abfc1  (/usr/lib/wsl/drivers/u0369254.inf_amd64_6f1e9c11bbc40f12/B369275/amdxc64.so+0x1352fc1)
    #2 0x7fca02dc1dbf  (/usr/lib/wsl/drivers/u0369254.inf_amd64_6f1e9c11bbc40f12/B369275/amdxc64.so+0x1b68dbf)

Indirect leak of 1952 byte(s) in 1 object(s) allocated from:
    #0 0x7fca109843f5 in __interceptor_aligned_alloc ../../../../src/libsanitizer/asan/asan_malloc_linux.cc:183
    #1 0x7fca025abfc1  (/usr/lib/wsl/drivers/u0369254.inf_amd64_6f1e9c11bbc40f12/B369275/amdxc64.so+0x1352fc1)
    #2 0x7fca02db9adf  (/usr/lib/wsl/drivers/u0369254.inf_amd64_6f1e9c11bbc40f12/B369275/amdxc64.so+0x1b60adf)

Indirect leak of 1952 byte(s) in 1 object(s) allocated from:
    #0 0x7fca109843f5 in __interceptor_aligned_alloc ../../../../src/libsanitizer/asan/asan_malloc_linux.cc:183
    #1 0x7fca025abfc1  (/usr/lib/wsl/drivers/u0369254.inf_amd64_6f1e9c11bbc40f12/B369275/amdxc64.so+0x1352fc1)
    #2 0x7fca02dbaa1f  (/usr/lib/wsl/drivers/u0369254.inf_amd64_6f1e9c11bbc40f12/B369275/amdxc64.so+0x1b61a1f)

Indirect leak of 1952 byte(s) in 1 object(s) allocated from:
    #0 0x7fca109843f5 in __interceptor_aligned_alloc ../../../../src/libsanitizer/asan/asan_malloc_linux.cc:183
    #1 0x7fca025abfc1  (/usr/lib/wsl/drivers/u0369254.inf_amd64_6f1e9c11bbc40f12/B369275/amdxc64.so+0x1352fc1)
    #2 0x7fca02dbd87f  (/usr/lib/wsl/drivers/u0369254.inf_amd64_6f1e9c11bbc40f12/B369275/amdxc64.so+0x1b6487f)

Indirect leak of 1952 byte(s) in 1 object(s) allocated from:
    #0 0x7fca109843f5 in __interceptor_aligned_alloc ../../../../src/libsanitizer/asan/asan_malloc_linux.cc:183
    #1 0x7fca025abfc1  (/usr/lib/wsl/drivers/u0369254.inf_amd64_6f1e9c11bbc40f12/B369275/amdxc64.so+0x1352fc1)
    #2 0x7fca02dbe7bf  (/usr/lib/wsl/drivers/u0369254.inf_amd64_6f1e9c11bbc40f12/B369275/amdxc64.so+0x1b657bf)

Indirect leak of 1952 byte(s) in 1 object(s) allocated from:
    #0 0x7fca109843f5 in __interceptor_aligned_alloc ../../../../src/libsanitizer/asan/asan_malloc_linux.cc:183
    #1 0x7fca025abfc1  (/usr/lib/wsl/drivers/u0369254.inf_amd64_6f1e9c11bbc40f12/B369275/amdxc64.so+0x1352fc1)
    #2 0x7fca02dc161f  (/usr/lib/wsl/drivers/u0369254.inf_amd64_6f1e9c11bbc40f12/B369275/amdxc64.so+0x1b6861f)

Indirect leak of 1952 byte(s) in 1 object(s) allocated from:
    #0 0x7fca109843f5 in __interceptor_aligned_alloc ../../../../src/libsanitizer/asan/asan_malloc_linux.cc:183
    #1 0x7fca025abfc1  (/usr/lib/wsl/drivers/u0369254.inf_amd64_6f1e9c11bbc40f12/B369275/amdxc64.so+0x1352fc1)
    #2 0x7fca02dc255f  (/usr/lib/wsl/drivers/u0369254.inf_amd64_6f1e9c11bbc40f12/B369275/amdxc64.so+0x1b6955f)

Indirect leak of 1952 byte(s) in 1 object(s) allocated from:
    #0 0x7fca109843f5 in __interceptor_aligned_alloc ../../../../src/libsanitizer/asan/asan_malloc_linux.cc:183
    #1 0x7fca025abfc1  (/usr/lib/wsl/drivers/u0369254.inf_amd64_6f1e9c11bbc40f12/B369275/amdxc64.so+0x1352fc1)
    #2 0x7fca02dba27f  (/usr/lib/wsl/drivers/u0369254.inf_amd64_6f1e9c11bbc40f12/B369275/amdxc64.so+0x1b6127f)

Indirect leak of 1952 byte(s) in 1 object(s) allocated from:
    #0 0x7fca109843f5 in __interceptor_aligned_alloc ../../../../src/libsanitizer/asan/asan_malloc_linux.cc:183
    #1 0x7fca025abfc1  (/usr/lib/wsl/drivers/u0369254.inf_amd64_6f1e9c11bbc40f12/B369275/amdxc64.so+0x1352fc1)
    #2 0x7fca02dc53bf  (/usr/lib/wsl/drivers/u0369254.inf_amd64_6f1e9c11bbc40f12/B369275/amdxc64.so+0x1b6c3bf)

Indirect leak of 1952 byte(s) in 1 object(s) allocated from:
    #0 0x7fca109843f5 in __interceptor_aligned_alloc ../../../../src/libsanitizer/asan/asan_malloc_linux.cc:183
    #1 0x7fca025abfc1  (/usr/lib/wsl/drivers/u0369254.inf_amd64_6f1e9c11bbc40f12/B369275/amdxc64.so+0x1352fc1)
    #2 0x7fca02dc62ff  (/usr/lib/wsl/drivers/u0369254.inf_amd64_6f1e9c11bbc40f12/B369275/amdxc64.so+0x1b6d2ff)

Indirect leak of 1952 byte(s) in 1 object(s) allocated from:
    #0 0x7fca109843f5 in __interceptor_aligned_alloc ../../../../src/libsanitizer/asan/asan_malloc_linux.cc:183
    #1 0x7fca025abfc1  (/usr/lib/wsl/drivers/u0369254.inf_amd64_6f1e9c11bbc40f12/B369275/amdxc64.so+0x1352fc1)
    #2 0x7fca02dc913f  (/usr/lib/wsl/drivers/u0369254.inf_amd64_6f1e9c11bbc40f12/B369275/amdxc64.so+0x1b7013f)

Indirect leak of 1952 byte(s) in 1 object(s) allocated from:
    #0 0x7fca109843f5 in __interceptor_aligned_alloc ../../../../src/libsanitizer/asan/asan_malloc_linux.cc:183
    #1 0x7fca025abfc1  (/usr/lib/wsl/drivers/u0369254.inf_amd64_6f1e9c11bbc40f12/B369275/amdxc64.so+0x1352fc1)
    #2 0x7fca02dca07f  (/usr/lib/wsl/drivers/u0369254.inf_amd64_6f1e9c11bbc40f12/B369275/amdxc64.so+0x1b7107f)

Indirect leak of 1952 byte(s) in 1 object(s) allocated from:
    #0 0x7fca109843f5 in __interceptor_aligned_alloc ../../../../src/libsanitizer/asan/asan_malloc_linux.cc:183
    #1 0x7fca025abfc1  (/usr/lib/wsl/drivers/u0369254.inf_amd64_6f1e9c11bbc40f12/B369275/amdxc64.so+0x1352fc1)
    #2 0x7fca02dd139f  (/usr/lib/wsl/drivers/u0369254.inf_amd64_6f1e9c11bbc40f12/B369275/amdxc64.so+0x1b7839f)

Indirect leak of 1952 byte(s) in 1 object(s) allocated from:
    #0 0x7fca109843f5 in __interceptor_aligned_alloc ../../../../src/libsanitizer/asan/asan_malloc_linux.cc:183
    #1 0x7fca025abfc1  (/usr/lib/wsl/drivers/u0369254.inf_amd64_6f1e9c11bbc40f12/B369275/amdxc64.so+0x1352fc1)
    #2 0x7fca02dccebf  (/usr/lib/wsl/drivers/u0369254.inf_amd64_6f1e9c11bbc40f12/B369275/amdxc64.so+0x1b73ebf)

Indirect leak of 1952 byte(s) in 1 object(s) allocated from:
    #0 0x7fca109843f5 in __interceptor_aligned_alloc ../../../../src/libsanitizer/asan/asan_malloc_linux.cc:183
    #1 0x7fca025abfc1  (/usr/lib/wsl/drivers/u0369254.inf_amd64_6f1e9c11bbc40f12/B369275/amdxc64.so+0x1352fc1)
    #2 0x7fca02dcd65f  (/usr/lib/wsl/drivers/u0369254.inf_amd64_6f1e9c11bbc40f12/B369275/amdxc64.so+0x1b7465f)

Indirect leak of 1952 byte(s) in 1 object(s) allocated from:
    #0 0x7fca109843f5 in __interceptor_aligned_alloc ../../../../src/libsanitizer/asan/asan_malloc_linux.cc:183
    #1 0x7fca025abfc1  (/usr/lib/wsl/drivers/u0369254.inf_amd64_6f1e9c11bbc40f12/B369275/amdxc64.so+0x1352fc1)
    #2 0x7fca02dcddff  (/usr/lib/wsl/drivers/u0369254.inf_amd64_6f1e9c11bbc40f12/B369275/amdxc64.so+0x1b74dff)

Indirect leak of 1952 byte(s) in 1 object(s) allocated from:
    #0 0x7fca109843f5 in __interceptor_aligned_alloc ../../../../src/libsanitizer/asan/asan_malloc_linux.cc:183
    #1 0x7fca025abfc1  (/usr/lib/wsl/drivers/u0369254.inf_amd64_6f1e9c11bbc40f12/B369275/amdxc64.so+0x1352fc1)
    #2 0x7fca02dced5f  (/usr/lib/wsl/drivers/u0369254.inf_amd64_6f1e9c11bbc40f12/B369275/amdxc64.so+0x1b75d5f)

Indirect leak of 1952 byte(s) in 1 object(s) allocated from:
    #0 0x7fca109843f5 in __interceptor_aligned_alloc ../../../../src/libsanitizer/asan/asan_malloc_linux.cc:183
    #1 0x7fca025abfc1  (/usr/lib/wsl/drivers/u0369254.inf_amd64_6f1e9c11bbc40f12/B369275/amdxc64.so+0x1352fc1)
    #2 0x7fca02dcfcbf  (/usr/lib/wsl/drivers/u0369254.inf_amd64_6f1e9c11bbc40f12/B369275/amdxc64.so+0x1b76cbf)

Indirect leak of 1952 byte(s) in 1 object(s) allocated from:
    #0 0x7fca109843f5 in __interceptor_aligned_alloc ../../../../src/libsanitizer/asan/asan_malloc_linux.cc:183
    #1 0x7fca025abfc1  (/usr/lib/wsl/drivers/u0369254.inf_amd64_6f1e9c11bbc40f12/B369275/amdxc64.so+0x1352fc1)
    #2 0x7fca02dd0bff  (/usr/lib/wsl/drivers/u0369254.inf_amd64_6f1e9c11bbc40f12/B369275/amdxc64.so+0x1b77bff)

Indirect leak of 1952 byte(s) in 1 object(s) allocated from:
    #0 0x7fca109843f5 in __interceptor_aligned_alloc ../../../../src/libsanitizer/asan/asan_malloc_linux.cc:183
    #1 0x7fca025abfc1  (/usr/lib/wsl/drivers/u0369254.inf_amd64_6f1e9c11bbc40f12/B369275/amdxc64.so+0x1352fc1)
    #2 0x7fca02dd1b3f  (/usr/lib/wsl/drivers/u0369254.inf_amd64_6f1e9c11bbc40f12/B369275/amdxc64.so+0x1b78b3f)

Indirect leak of 1952 byte(s) in 1 object(s) allocated from:
    #0 0x7fca109843f5 in __interceptor_aligned_alloc ../../../../src/libsanitizer/asan/asan_malloc_linux.cc:183
    #1 0x7fca025abfc1  (/usr/lib/wsl/drivers/u0369254.inf_amd64_6f1e9c11bbc40f12/B369275/amdxc64.so+0x1352fc1)
    #2 0x7fca02dd045f  (/usr/lib/wsl/drivers/u0369254.inf_amd64_6f1e9c11bbc40f12/B369275/amdxc64.so+0x1b7745f)

Indirect leak of 1952 byte(s) in 1 object(s) allocated from:
    #0 0x7fca109843f5 in __interceptor_aligned_alloc ../../../../src/libsanitizer/asan/asan_malloc_linux.cc:183
    #1 0x7fca025abfc1  (/usr/lib/wsl/drivers/u0369254.inf_amd64_6f1e9c11bbc40f12/B369275/amdxc64.so+0x1352fc1)
    #2 0x7fca02dd2a7f  (/usr/lib/wsl/drivers/u0369254.inf_amd64_6f1e9c11bbc40f12/B369275/amdxc64.so+0x1b79a7f)

Indirect leak of 1952 byte(s) in 1 object(s) allocated from:
    #0 0x7fca109843f5 in __interceptor_aligned_alloc ../../../../src/libsanitizer/asan/asan_malloc_linux.cc:183
    #1 0x7fca025abfc1  (/usr/lib/wsl/drivers/u0369254.inf_amd64_6f1e9c11bbc40f12/B369275/amdxc64.so+0x1352fc1)
    #2 0x7fca02dd321f  (/usr/lib/wsl/drivers/u0369254.inf_amd64_6f1e9c11bbc40f12/B369275/amdxc64.so+0x1b7a21f)

Indirect leak of 1952 byte(s) in 1 object(s) allocated from:
    #0 0x7fca109843f5 in __interceptor_aligned_alloc ../../../../src/libsanitizer/asan/asan_malloc_linux.cc:183
    #1 0x7fca025abfc1  (/usr/lib/wsl/drivers/u0369254.inf_amd64_6f1e9c11bbc40f12/B369275/amdxc64.so+0x1352fc1)
    #2 0x7fca02dd39bf  (/usr/lib/wsl/drivers/u0369254.inf_amd64_6f1e9c11bbc40f12/B369275/amdxc64.so+0x1b7a9bf)

Indirect leak of 1952 byte(s) in 1 object(s) allocated from:
    #0 0x7fca109843f5 in __interceptor_aligned_alloc ../../../../src/libsanitizer/asan/asan_malloc_linux.cc:183
    #1 0x7fca025abfc1  (/usr/lib/wsl/drivers/u0369254.inf_amd64_6f1e9c11bbc40f12/B369275/amdxc64.so+0x1352fc1)
    #2 0x7fca02dd48ff  (/usr/lib/wsl/drivers/u0369254.inf_amd64_6f1e9c11bbc40f12/B369275/amdxc64.so+0x1b7b8ff)

Indirect leak of 1952 byte(s) in 1 object(s) allocated from:
    #0 0x7fca109843f5 in __interceptor_aligned_alloc ../../../../src/libsanitizer/asan/asan_malloc_linux.cc:183
    #1 0x7fca025abfc1  (/usr/lib/wsl/drivers/u0369254.inf_amd64_6f1e9c11bbc40f12/B369275/amdxc64.so+0x1352fc1)
    #2 0x7fca02dd509f  (/usr/lib/wsl/drivers/u0369254.inf_amd64_6f1e9c11bbc40f12/B369275/amdxc64.so+0x1b7c09f)

Indirect leak of 1952 byte(s) in 1 object(s) allocated from:
    #0 0x7fca109843f5 in __interceptor_aligned_alloc ../../../../src/libsanitizer/asan/asan_malloc_linux.cc:183
    #1 0x7fca025abfc1  (/usr/lib/wsl/drivers/u0369254.inf_amd64_6f1e9c11bbc40f12/B369275/amdxc64.so+0x1352fc1)
    #2 0x7fca02dd583f  (/usr/lib/wsl/drivers/u0369254.inf_amd64_6f1e9c11bbc40f12/B369275/amdxc64.so+0x1b7c83f)

Indirect leak of 1944 byte(s) in 1 object(s) allocated from:
    #0 0x7fca109843f5 in __interceptor_aligned_alloc ../../../../src/libsanitizer/asan/asan_malloc_linux.cc:183
    #1 0x7fca025f0f05  (/usr/lib/wsl/drivers/u0369254.inf_amd64_6f1e9c11bbc40f12/B369275/amdxc64.so+0x1397f05)

Indirect leak of 1920 byte(s) in 1 object(s) allocated from:
    #0 0x7fca109843f5 in __interceptor_aligned_alloc ../../../../src/libsanitizer/asan/asan_malloc_linux.cc:183
    #1 0x7fca025abfc1  (/usr/lib/wsl/drivers/u0369254.inf_amd64_6f1e9c11bbc40f12/B369275/amdxc64.so+0x1352fc1)
    #2 0x7fca02db559f  (/usr/lib/wsl/drivers/u0369254.inf_amd64_6f1e9c11bbc40f12/B369275/amdxc64.so+0x1b5c59f)

Indirect leak of 1920 byte(s) in 1 object(s) allocated from:
    #0 0x7fca109843f5 in __interceptor_aligned_alloc ../../../../src/libsanitizer/asan/asan_malloc_linux.cc:183
    #1 0x7fca025abfc1  (/usr/lib/wsl/drivers/u0369254.inf_amd64_6f1e9c11bbc40f12/B369275/amdxc64.so+0x1352fc1)
    #2 0x7fca02dde79f  (/usr/lib/wsl/drivers/u0369254.inf_amd64_6f1e9c11bbc40f12/B369275/amdxc64.so+0x1b8579f)

Indirect leak of 1920 byte(s) in 1 object(s) allocated from:
    #0 0x7fca109843f5 in __interceptor_aligned_alloc ../../../../src/libsanitizer/asan/asan_malloc_linux.cc:183
    #1 0x7fca025abfc1  (/usr/lib/wsl/drivers/u0369254.inf_amd64_6f1e9c11bbc40f12/B369275/amdxc64.so+0x1352fc1)
    #2 0x7fca02ddef1f  (/usr/lib/wsl/drivers/u0369254.inf_amd64_6f1e9c11bbc40f12/B369275/amdxc64.so+0x1b85f1f)

Indirect leak of 1920 byte(s) in 1 object(s) allocated from:
    #0 0x7fca109843f5 in __interceptor_aligned_alloc ../../../../src/libsanitizer/asan/asan_malloc_linux.cc:183
    #1 0x7fca025abfc1  (/usr/lib/wsl/drivers/u0369254.inf_amd64_6f1e9c11bbc40f12/B369275/amdxc64.so+0x1352fc1)
    #2 0x7fca02ddf69f  (/usr/lib/wsl/drivers/u0369254.inf_amd64_6f1e9c11bbc40f12/B369275/amdxc64.so+0x1b8669f)

Indirect leak of 1920 byte(s) in 1 object(s) allocated from:
    #0 0x7fca109843f5 in __interceptor_aligned_alloc ../../../../src/libsanitizer/asan/asan_malloc_linux.cc:183
    #1 0x7fca025abfc1  (/usr/lib/wsl/drivers/u0369254.inf_amd64_6f1e9c11bbc40f12/B369275/amdxc64.so+0x1352fc1)
    #2 0x7fca02ddfe1f  (/usr/lib/wsl/drivers/u0369254.inf_amd64_6f1e9c11bbc40f12/B369275/amdxc64.so+0x1b86e1f)

Indirect leak of 1920 byte(s) in 1 object(s) allocated from:
    #0 0x7fca109843f5 in __interceptor_aligned_alloc ../../../../src/libsanitizer/asan/asan_malloc_linux.cc:183
    #1 0x7fca025abfc1  (/usr/lib/wsl/drivers/u0369254.inf_amd64_6f1e9c11bbc40f12/B369275/amdxc64.so+0x1352fc1)
    #2 0x7fca02de059f  (/usr/lib/wsl/drivers/u0369254.inf_amd64_6f1e9c11bbc40f12/B369275/amdxc64.so+0x1b8759f)

Indirect leak of 1920 byte(s) in 1 object(s) allocated from:
    #0 0x7fca109843f5 in __interceptor_aligned_alloc ../../../../src/libsanitizer/asan/asan_malloc_linux.cc:183
    #1 0x7fca025abfc1  (/usr/lib/wsl/drivers/u0369254.inf_amd64_6f1e9c11bbc40f12/B369275/amdxc64.so+0x1352fc1)
    #2 0x7fca02de0d1f  (/usr/lib/wsl/drivers/u0369254.inf_amd64_6f1e9c11bbc40f12/B369275/amdxc64.so+0x1b87d1f)

Indirect leak of 1920 byte(s) in 1 object(s) allocated from:
    #0 0x7fca109843f5 in __interceptor_aligned_alloc ../../../../src/libsanitizer/asan/asan_malloc_linux.cc:183
    #1 0x7fca025abfc1  (/usr/lib/wsl/drivers/u0369254.inf_amd64_6f1e9c11bbc40f12/B369275/amdxc64.so+0x1352fc1)
    #2 0x7fca02de149f  (/usr/lib/wsl/drivers/u0369254.inf_amd64_6f1e9c11bbc40f12/B369275/amdxc64.so+0x1b8849f)

Indirect leak of 1920 byte(s) in 1 object(s) allocated from:
    #0 0x7fca109843f5 in __interceptor_aligned_alloc ../../../../src/libsanitizer/asan/asan_malloc_linux.cc:183
    #1 0x7fca025abfc1  (/usr/lib/wsl/drivers/u0369254.inf_amd64_6f1e9c11bbc40f12/B369275/amdxc64.so+0x1352fc1)
    #2 0x7fca02de6a1f  (/usr/lib/wsl/drivers/u0369254.inf_amd64_6f1e9c11bbc40f12/B369275/amdxc64.so+0x1b8da1f)

Indirect leak of 1920 byte(s) in 1 object(s) allocated from:
    #0 0x7fca109843f5 in __interceptor_aligned_alloc ../../../../src/libsanitizer/asan/asan_malloc_linux.cc:183
    #1 0x7fca025b0d33  (/usr/lib/wsl/drivers/u0369254.inf_amd64_6f1e9c11bbc40f12/B369275/amdxc64.so+0x1357d33)
    #2 0x7fca02fd739f  (/usr/lib/wsl/drivers/u0369254.inf_amd64_6f1e9c11bbc40f12/B369275/amdxc64.so+0x1d7e39f)

Indirect leak of 1920 byte(s) in 1 object(s) allocated from:
    #0 0x7fca109843f5 in __interceptor_aligned_alloc ../../../../src/libsanitizer/asan/asan_malloc_linux.cc:183
    #1 0x7fca025abfc1  (/usr/lib/wsl/drivers/u0369254.inf_amd64_6f1e9c11bbc40f12/B369275/amdxc64.so+0x1352fc1)
    #2 0x7fca02dde01f  (/usr/lib/wsl/drivers/u0369254.inf_amd64_6f1e9c11bbc40f12/B369275/amdxc64.so+0x1b8501f)

Indirect leak of 1920 byte(s) in 6 object(s) allocated from:
    #0 0x7fca109843f5 in __interceptor_aligned_alloc ../../../../src/libsanitizer/asan/asan_malloc_linux.cc:183
    #1 0x7fca025f1e1c  (/usr/lib/wsl/drivers/u0369254.inf_amd64_6f1e9c11bbc40f12/B369275/amdxc64.so+0x1398e1c)
    #2 0x3ffff  (<unknown module>)

Indirect leak of 1904 byte(s) in 1 object(s) allocated from:
    #0 0x7fca109843f5 in __interceptor_aligned_alloc ../../../../src/libsanitizer/asan/asan_malloc_linux.cc:183
    #1 0x7fca025abfc1  (/usr/lib/wsl/drivers/u0369254.inf_amd64_6f1e9c11bbc40f12/B369275/amdxc64.so+0x1352fc1)
    #2 0x61c00001607f  (<unknown module>)

Indirect leak of 1904 byte(s) in 1 object(s) allocated from:
    #0 0x7fca109843f5 in __interceptor_aligned_alloc ../../../../src/libsanitizer/asan/asan_malloc_linux.cc:183
    #1 0x7fca025abfc1  (/usr/lib/wsl/drivers/u0369254.inf_amd64_6f1e9c11bbc40f12/B369275/amdxc64.so+0x1352fc1)
    #2 0x7fca02db64df  (/usr/lib/wsl/drivers/u0369254.inf_amd64_6f1e9c11bbc40f12/B369275/amdxc64.so+0x1b5d4df)

Indirect leak of 1904 byte(s) in 1 object(s) allocated from:
    #0 0x7fca109843f5 in __interceptor_aligned_alloc ../../../../src/libsanitizer/asan/asan_malloc_linux.cc:183
    #1 0x7fca025abfc1  (/usr/lib/wsl/drivers/u0369254.inf_amd64_6f1e9c11bbc40f12/B369275/amdxc64.so+0x1352fc1)
    #2 0x7fca02de5b1f  (/usr/lib/wsl/drivers/u0369254.inf_amd64_6f1e9c11bbc40f12/B369275/amdxc64.so+0x1b8cb1f)

Indirect leak of 1904 byte(s) in 1 object(s) allocated from:
    #0 0x7fca109843f5 in __interceptor_aligned_alloc ../../../../src/libsanitizer/asan/asan_malloc_linux.cc:183
    #1 0x7fca025abfc1  (/usr/lib/wsl/drivers/u0369254.inf_amd64_6f1e9c11bbc40f12/B369275/amdxc64.so+0x1352fc1)
    #2 0x7fca02de629f  (/usr/lib/wsl/drivers/u0369254.inf_amd64_6f1e9c11bbc40f12/B369275/amdxc64.so+0x1b8d29f)

Indirect leak of 1904 byte(s) in 1 object(s) allocated from:
    #0 0x7fca109843f5 in __interceptor_aligned_alloc ../../../../src/libsanitizer/asan/asan_malloc_linux.cc:183
    #1 0x7fca025abfc1  (/usr/lib/wsl/drivers/u0369254.inf_amd64_6f1e9c11bbc40f12/B369275/amdxc64.so+0x1352fc1)
    #2 0x7fca02de719f  (/usr/lib/wsl/drivers/u0369254.inf_amd64_6f1e9c11bbc40f12/B369275/amdxc64.so+0x1b8e19f)

Indirect leak of 1904 byte(s) in 1 object(s) allocated from:
    #0 0x7fca109843f5 in __interceptor_aligned_alloc ../../../../src/libsanitizer/asan/asan_malloc_linux.cc:183
    #1 0x7fca025abfc1  (/usr/lib/wsl/drivers/u0369254.inf_amd64_6f1e9c11bbc40f12/B369275/amdxc64.so+0x1352fc1)
    #2 0x7fca02de791f  (/usr/lib/wsl/drivers/u0369254.inf_amd64_6f1e9c11bbc40f12/B369275/amdxc64.so+0x1b8e91f)

Indirect leak of 1904 byte(s) in 1 object(s) allocated from:
    #0 0x7fca109843f5 in __interceptor_aligned_alloc ../../../../src/libsanitizer/asan/asan_malloc_linux.cc:183
    #1 0x7fca025abfc1  (/usr/lib/wsl/drivers/u0369254.inf_amd64_6f1e9c11bbc40f12/B369275/amdxc64.so+0x1352fc1)
    #2 0x7fca02de809f  (/usr/lib/wsl/drivers/u0369254.inf_amd64_6f1e9c11bbc40f12/B369275/amdxc64.so+0x1b8f09f)

Indirect leak of 1904 byte(s) in 1 object(s) allocated from:
    #0 0x7fca109843f5 in __interceptor_aligned_alloc ../../../../src/libsanitizer/asan/asan_malloc_linux.cc:183
    #1 0x7fca025b0d33  (/usr/lib/wsl/drivers/u0369254.inf_amd64_6f1e9c11bbc40f12/B369275/amdxc64.so+0x1357d33)
    #2 0x7fca02fd3a5f  (/usr/lib/wsl/drivers/u0369254.inf_amd64_6f1e9c11bbc40f12/B369275/amdxc64.so+0x1d7aa5f)

Indirect leak of 1904 byte(s) in 1 object(s) allocated from:
    #0 0x7fca109843f5 in __interceptor_aligned_alloc ../../../../src/libsanitizer/asan/asan_malloc_linux.cc:183
    #1 0x7fca025b0d33  (/usr/lib/wsl/drivers/u0369254.inf_amd64_6f1e9c11bbc40f12/B369275/amdxc64.so+0x1357d33)
    #2 0x7fca02fd41df  (/usr/lib/wsl/drivers/u0369254.inf_amd64_6f1e9c11bbc40f12/B369275/amdxc64.so+0x1d7b1df)

Indirect leak of 1904 byte(s) in 1 object(s) allocated from:
    #0 0x7fca109843f5 in __interceptor_aligned_alloc ../../../../src/libsanitizer/asan/asan_malloc_linux.cc:183
    #1 0x7fca025b0d33  (/usr/lib/wsl/drivers/u0369254.inf_amd64_6f1e9c11bbc40f12/B369275/amdxc64.so+0x1357d33)
    #2 0x7fca02fe4fff  (/usr/lib/wsl/drivers/u0369254.inf_amd64_6f1e9c11bbc40f12/B369275/amdxc64.so+0x1d8bfff)

Indirect leak of 1888 byte(s) in 1 object(s) allocated from:
    #0 0x7fca109843f5 in __interceptor_aligned_alloc ../../../../src/libsanitizer/asan/asan_malloc_linux.cc:183
    #1 0x7fca025b0d33  (/usr/lib/wsl/drivers/u0369254.inf_amd64_6f1e9c11bbc40f12/B369275/amdxc64.so+0x1357d33)
    #2 0x7fca02fd64df  (/usr/lib/wsl/drivers/u0369254.inf_amd64_6f1e9c11bbc40f12/B369275/amdxc64.so+0x1d7d4df)

Indirect leak of 1888 byte(s) in 1 object(s) allocated from:
    #0 0x7fca109843f5 in __interceptor_aligned_alloc ../../../../src/libsanitizer/asan/asan_malloc_linux.cc:183
    #1 0x7fca025b0d33  (/usr/lib/wsl/drivers/u0369254.inf_amd64_6f1e9c11bbc40f12/B369275/amdxc64.so+0x1357d33)
    #2 0x7fca02fd6c3f  (/usr/lib/wsl/drivers/u0369254.inf_amd64_6f1e9c11bbc40f12/B369275/amdxc64.so+0x1d7dc3f)

Indirect leak of 1888 byte(s) in 1 object(s) allocated from:
    #0 0x7fca109843f5 in __interceptor_aligned_alloc ../../../../src/libsanitizer/asan/asan_malloc_linux.cc:183
    #1 0x7fca025b0d33  (/usr/lib/wsl/drivers/u0369254.inf_amd64_6f1e9c11bbc40f12/B369275/amdxc64.so+0x1357d33)
    #2 0x7fca02fe1f7f  (/usr/lib/wsl/drivers/u0369254.inf_amd64_6f1e9c11bbc40f12/B369275/amdxc64.so+0x1d88f7f)

Indirect leak of 1888 byte(s) in 1 object(s) allocated from:
    #0 0x7fca109843f5 in __interceptor_aligned_alloc ../../../../src/libsanitizer/asan/asan_malloc_linux.cc:183
    #1 0x7fca025b0d33  (/usr/lib/wsl/drivers/u0369254.inf_amd64_6f1e9c11bbc40f12/B369275/amdxc64.so+0x1357d33)
    #2 0x7fca02fe26df  (/usr/lib/wsl/drivers/u0369254.inf_amd64_6f1e9c11bbc40f12/B369275/amdxc64.so+0x1d896df)

Indirect leak of 1872 byte(s) in 1 object(s) allocated from:
    #0 0x7fca109843f5 in __interceptor_aligned_alloc ../../../../src/libsanitizer/asan/asan_malloc_linux.cc:183
    #1 0x7fca025b0d33  (/usr/lib/wsl/drivers/u0369254.inf_amd64_6f1e9c11bbc40f12/B369275/amdxc64.so+0x1357d33)
    #2 0x7fca02fce89f  (/usr/lib/wsl/drivers/u0369254.inf_amd64_6f1e9c11bbc40f12/B369275/amdxc64.so+0x1d7589f)

Indirect leak of 1856 byte(s) in 1 object(s) allocated from:
    #0 0x7fca109843f5 in __interceptor_aligned_alloc ../../../../src/libsanitizer/asan/asan_malloc_linux.cc:183
    #1 0x7fca025b0d33  (/usr/lib/wsl/drivers/u0369254.inf_amd64_6f1e9c11bbc40f12/B369275/amdxc64.so+0x1357d33)
    #2 0x7fca02fe847f  (/usr/lib/wsl/drivers/u0369254.inf_amd64_6f1e9c11bbc40f12/B369275/amdxc64.so+0x1d8f47f)

Indirect leak of 1840 byte(s) in 1 object(s) allocated from:
    #0 0x7fca109843f5 in __interceptor_aligned_alloc ../../../../src/libsanitizer/asan/asan_malloc_linux.cc:183
    #1 0x7fca025b0d33  (/usr/lib/wsl/drivers/u0369254.inf_amd64_6f1e9c11bbc40f12/B369275/amdxc64.so+0x1357d33)
    #2 0x7fca02fcefff  (/usr/lib/wsl/drivers/u0369254.inf_amd64_6f1e9c11bbc40f12/B369275/amdxc64.so+0x1d75fff)

Indirect leak of 1840 byte(s) in 1 object(s) allocated from:
    #0 0x7fca109843f5 in __interceptor_aligned_alloc ../../../../src/libsanitizer/asan/asan_malloc_linux.cc:183
    #1 0x7fca025b0d33  (/usr/lib/wsl/drivers/u0369254.inf_amd64_6f1e9c11bbc40f12/B369275/amdxc64.so+0x1357d33)
    #2 0x7fca02fd0d1f  (/usr/lib/wsl/drivers/u0369254.inf_amd64_6f1e9c11bbc40f12/B369275/amdxc64.so+0x1d77d1f)

Indirect leak of 1819 byte(s) in 1 object(s) allocated from:
    #0 0x7fca10983808 in __interceptor_malloc ../../../../src/libsanitizer/asan/asan_malloc_linux.cc:144
    #1 0x7fca051ad2e4  (/usr/lib/wsl/lib/libd3d12.so+0x8b2e4)
    #2 0x7fca04f5764f  (<unknown module>)
    #3 0x6320000016cf  (<unknown module>)

Indirect leak of 1792 byte(s) in 1 object(s) allocated from:
    #0 0x7fca109843f5 in __interceptor_aligned_alloc ../../../../src/libsanitizer/asan/asan_malloc_linux.cc:183
    #1 0x7fca025b0d33  (/usr/lib/wsl/drivers/u0369254.inf_amd64_6f1e9c11bbc40f12/B369275/amdxc64.so+0x1357d33)
    #2 0x7fca02fd891f  (/usr/lib/wsl/drivers/u0369254.inf_amd64_6f1e9c11bbc40f12/B369275/amdxc64.so+0x1d7f91f)

Indirect leak of 1776 byte(s) in 1 object(s) allocated from:
    #0 0x7fca109843f5 in __interceptor_aligned_alloc ../../../../src/libsanitizer/asan/asan_malloc_linux.cc:183
    #1 0x7fca025b0d33  (/usr/lib/wsl/drivers/u0369254.inf_amd64_6f1e9c11bbc40f12/B369275/amdxc64.so+0x1357d33)
    #2 0x7fca02fcf73f  (/usr/lib/wsl/drivers/u0369254.inf_amd64_6f1e9c11bbc40f12/B369275/amdxc64.so+0x1d7673f)

Indirect leak of 1776 byte(s) in 1 object(s) allocated from:
    #0 0x7fca109843f5 in __interceptor_aligned_alloc ../../../../src/libsanitizer/asan/asan_malloc_linux.cc:183
    #1 0x7fca025b0d33  (/usr/lib/wsl/drivers/u0369254.inf_amd64_6f1e9c11bbc40f12/B369275/amdxc64.so+0x1357d33)
    #2 0x7fca02fd495f  (/usr/lib/wsl/drivers/u0369254.inf_amd64_6f1e9c11bbc40f12/B369275/amdxc64.so+0x1d7b95f)

Indirect leak of 1776 byte(s) in 1 object(s) allocated from:
    #0 0x7fca109843f5 in __interceptor_aligned_alloc ../../../../src/libsanitizer/asan/asan_malloc_linux.cc:183
    #1 0x7fca025b0d33  (/usr/lib/wsl/drivers/u0369254.inf_amd64_6f1e9c11bbc40f12/B369275/amdxc64.so+0x1357d33)
    #2 0x7fca02fd505f  (/usr/lib/wsl/drivers/u0369254.inf_amd64_6f1e9c11bbc40f12/B369275/amdxc64.so+0x1d7c05f)

Indirect leak of 1776 byte(s) in 1 object(s) allocated from:
    #0 0x7fca109843f5 in __interceptor_aligned_alloc ../../../../src/libsanitizer/asan/asan_malloc_linux.cc:183
    #1 0x7fca025b0d33  (/usr/lib/wsl/drivers/u0369254.inf_amd64_6f1e9c11bbc40f12/B369275/amdxc64.so+0x1357d33)
    #2 0x7fca02fd7b1f  (/usr/lib/wsl/drivers/u0369254.inf_amd64_6f1e9c11bbc40f12/B369275/amdxc64.so+0x1d7eb1f)

Indirect leak of 1776 byte(s) in 1 object(s) allocated from:
    #0 0x7fca109843f5 in __interceptor_aligned_alloc ../../../../src/libsanitizer/asan/asan_malloc_linux.cc:183
    #1 0x7fca025b0d33  (/usr/lib/wsl/drivers/u0369254.inf_amd64_6f1e9c11bbc40f12/B369275/amdxc64.so+0x1357d33)
    #2 0x7fca02fd821f  (/usr/lib/wsl/drivers/u0369254.inf_amd64_6f1e9c11bbc40f12/B369275/amdxc64.so+0x1d7f21f)

Indirect leak of 1728 byte(s) in 1 object(s) allocated from:
[...]

Indirect leak of 1248 byte(s) in 1 object(s) allocated from:
    #0 0x7fca109843f5 in __interceptor_aligned_alloc ../../../../src/libsanitizer/asan/asan_malloc_linux.cc:183
    #1 0x7fca025b0d33  (/usr/lib/wsl/drivers/u0369254.inf_amd64_6f1e9c11bbc40f12/B369275/amdxc64.so+0x1357d33)
    #2 0x61a000010e7f  (<unknown module>)

Indirect leak of 1248 byte(s) in 3 object(s) allocated from:
    #0 0x7fca109843f5 in __interceptor_aligned_alloc ../../../../src/libsanitizer/asan/asan_malloc_linux.cc:183
    #1 0x7fca025fcd7d  (/usr/lib/wsl/drivers/u0369254.inf_amd64_6f1e9c11bbc40f12/B369275/amdxc64.so+0x13a3d7d)

Indirect leak of 1072 byte(s) in 1 object(s) allocated from:
    #0 0x7fca109843f5 in __interceptor_aligned_alloc ../../../../src/libsanitizer/asan/asan_malloc_linux.cc:183
    #1 0x7fca024c7b65  (/usr/lib/wsl/drivers/u0369254.inf_amd64_6f1e9c11bbc40f12/B369275/amdxc64.so+0x126eb65)

Indirect leak of 1008 byte(s) in 1 object(s) allocated from:
    #0 0x7fca109843f5 in __interceptor_aligned_alloc ../../../../src/libsanitizer/asan/asan_malloc_linux.cc:183
    #1 0x7fca0241eed7  (/usr/lib/wsl/drivers/u0369254.inf_amd64_6f1e9c11bbc40f12/B369275/amdxc64.so+0x11c5ed7)
    #2 0x7fca025f0789  (/usr/lib/wsl/drivers/u0369254.inf_amd64_6f1e9c11bbc40f12/B369275/amdxc64.so+0x1397789)

Indirect leak of 1008 byte(s) in 1 object(s) allocated from:
    #0 0x7fca109843f5 in __interceptor_aligned_alloc ../../../../src/libsanitizer/asan/asan_malloc_linux.cc:183
    #1 0x7fca024227f7  (/usr/lib/wsl/drivers/u0369254.inf_amd64_6f1e9c11bbc40f12/B369275/amdxc64.so+0x11c97f7)
    #2 0x7fca025f081d  (/usr/lib/wsl/drivers/u0369254.inf_amd64_6f1e9c11bbc40f12/B369275/amdxc64.so+0x139781d)

Indirect leak of 976 byte(s) in 1 object(s) allocated from:
    #0 0x7fca10983808 in __interceptor_malloc ../../../../src/libsanitizer/asan/asan_malloc_linux.cc:144
    #1 0x7fca051ad2e4  (/usr/lib/wsl/lib/libd3d12.so+0x8b2e4)
    #2 0x7fca04f2ab41  (<unknown module>)

Indirect leak of 960 byte(s) in 3 object(s) allocated from:
    #0 0x7fca109843f5 in __interceptor_aligned_alloc ../../../../src/libsanitizer/asan/asan_malloc_linux.cc:183
    #1 0x7fca025f1e1c  (/usr/lib/wsl/drivers/u0369254.inf_amd64_6f1e9c11bbc40f12/B369275/amdxc64.so+0x1398e1c)
    #2 0x1ffff  (<unknown module>)

Indirect leak of 912 byte(s) in 1 object(s) allocated from:
    #0 0x7fca109843f5 in __interceptor_aligned_alloc ../../../../src/libsanitizer/asan/asan_malloc_linux.cc:183
    #1 0x7fca025e88f4  (/usr/lib/wsl/drivers/u0369254.inf_amd64_6f1e9c11bbc40f12/B369275/amdxc64.so+0x138f8f4)

Indirect leak of 880 byte(s) in 11 object(s) allocated from:
    #0 0x7fca109843f5 in __interceptor_aligned_alloc ../../../../src/libsanitizer/asan/asan_malloc_linux.cc:183
    #1 0x7fca0239bf4c  (/usr/lib/wsl/drivers/u0369254.inf_amd64_6f1e9c11bbc40f12/B369275/amdxc64.so+0x1142f4c)

Indirect leak of 704 byte(s) in 2 object(s) allocated from:
    #0 0x7fca109843f5 in __interceptor_aligned_alloc ../../../../src/libsanitizer/asan/asan_malloc_linux.cc:183
    #1 0x7fca0248aaf5  (/usr/lib/wsl/drivers/u0369254.inf_amd64_6f1e9c11bbc40f12/B369275/amdxc64.so+0x1231af5)

Indirect leak of 576 byte(s) in 18 object(s) allocated from:
    #0 0x7fca10983a06 in __interceptor_calloc ../../../../src/libsanitizer/asan/asan_malloc_linux.cc:153
    #1 0x7fca0b7949e5  (/usr/lib/x86_64-linux-gnu/libasan.so.5.0.0+0xbed9e5)

Indirect leak of 576 byte(s) in 2 object(s) allocated from:
    #0 0x7fca109843f5 in __interceptor_aligned_alloc ../../../../src/libsanitizer/asan/asan_malloc_linux.cc:183
    #1 0x7fca025aca32  (/usr/lib/wsl/drivers/u0369254.inf_amd64_6f1e9c11bbc40f12/B369275/amdxc64.so+0x1353a32)

Indirect leak of 504 byte(s) in 1 object(s) allocated from:
    #0 0x7fca10983808 in __interceptor_malloc ../../../../src/libsanitizer/asan/asan_malloc_linux.cc:144
    #1 0x7fca051ad2e4  (/usr/lib/wsl/lib/libd3d12.so+0x8b2e4)
    #2 0x7fca04f2af38  (<unknown module>)

Indirect leak of 496 byte(s) in 1 object(s) allocated from:
    #0 0x7fca10983808 in __interceptor_malloc ../../../../src/libsanitizer/asan/asan_malloc_linux.cc:144
    #1 0x7fca051ad2e4  (/usr/lib/wsl/lib/libd3d12.so+0x8b2e4)
    #2 0x7fca04f2ad3e  (<unknown module>)

Indirect leak of 440 byte(s) in 5 object(s) allocated from:
    #0 0x7fca109843f5 in __interceptor_aligned_alloc ../../../../src/libsanitizer/asan/asan_malloc_linux.cc:183
    #1 0x7fca025df448  (/usr/lib/wsl/drivers/u0369254.inf_amd64_6f1e9c11bbc40f12/B369275/amdxc64.so+0x1386448)

Indirect leak of 432 byte(s) in 18 object(s) allocated from:
    #0 0x7fca10985587 in operator new(unsigned long) ../../../../src/libsanitizer/asan/asan_new_delete.cc:104
    #1 0x7fca0b7f5ee9  (/usr/lib/x86_64-linux-gnu/libasan.so.5.0.0+0xc4eee9)

Indirect leak of 432 byte(s) in 3 object(s) allocated from:
    #0 0x7fca109843f5 in __interceptor_aligned_alloc ../../../../src/libsanitizer/asan/asan_malloc_linux.cc:183
    #1 0x7fca024c1df2  (/usr/lib/wsl/drivers/u0369254.inf_amd64_6f1e9c11bbc40f12/B369275/amdxc64.so+0x1268df2)

Indirect leak of 320 byte(s) in 1 object(s) allocated from:
    #0 0x7fca109843f5 in __interceptor_aligned_alloc ../../../../src/libsanitizer/asan/asan_malloc_linux.cc:183
    #1 0x7fca025f1e1c  (/usr/lib/wsl/drivers/u0369254.inf_amd64_6f1e9c11bbc40f12/B369275/amdxc64.so+0x1398e1c)
    #2 0xfff  (<unknown module>)

Indirect leak of 320 byte(s) in 1 object(s) allocated from:
    #0 0x7fca109843f5 in __interceptor_aligned_alloc ../../../../src/libsanitizer/asan/asan_malloc_linux.cc:183
    #1 0x7fca025f1e1c  (/usr/lib/wsl/drivers/u0369254.inf_amd64_6f1e9c11bbc40f12/B369275/amdxc64.so+0x1398e1c)

Indirect leak of 288 byte(s) in 6 object(s) allocated from:
    #0 0x7fca10983a06 in __interceptor_calloc ../../../../src/libsanitizer/asan/asan_malloc_linux.cc:153
    #1 0x7fca0b31e14e  (/usr/lib/x86_64-linux-gnu/libasan.so.5.0.0+0x77714e)

Indirect leak of 288 byte(s) in 9 object(s) allocated from:
    #0 0x7fca109843f5 in __interceptor_aligned_alloc ../../../../src/libsanitizer/asan/asan_malloc_linux.cc:183
    #1 0x7fca025acb42  (/usr/lib/wsl/drivers/u0369254.inf_amd64_6f1e9c11bbc40f12/B369275/amdxc64.so+0x1353b42)

Indirect leak of 288 byte(s) in 6 object(s) allocated from:
    #0 0x7fca10983a06 in __interceptor_calloc ../../../../src/libsanitizer/asan/asan_malloc_linux.cc:153
    #1 0x7fca102847f1 in __pthread_cond_broadcast_2_0 /build/glibc-SzIz7B/glibc-2.31/nptl/old_pthread_cond_broadcast.c:34

Indirect leak of 280 byte(s) in 5 object(s) allocated from:
    #0 0x7fca109843f5 in __interceptor_aligned_alloc ../../../../src/libsanitizer/asan/asan_malloc_linux.cc:183
    #1 0x7fca025b38e9  (/usr/lib/wsl/drivers/u0369254.inf_amd64_6f1e9c11bbc40f12/B369275/amdxc64.so+0x135a8e9)

Indirect leak of 240 byte(s) in 1 object(s) allocated from:
    #0 0x7fca10983808 in __interceptor_malloc ../../../../src/libsanitizer/asan/asan_malloc_linux.cc:144
    #1 0x7fca04e2b3c4  (<unknown module>)
    #2 0x615000003eff  (<unknown module>)

Indirect leak of 192 byte(s) in 3 object(s) allocated from:
    #0 0x7fca109843f5 in __interceptor_aligned_alloc ../../../../src/libsanitizer/asan/asan_malloc_linux.cc:183
    #1 0x7fca025d6f54  (/usr/lib/wsl/drivers/u0369254.inf_amd64_6f1e9c11bbc40f12/B369275/amdxc64.so+0x137df54)

Indirect leak of 176 byte(s) in 2 object(s) allocated from:
    #0 0x7fca109843f5 in __interceptor_aligned_alloc ../../../../src/libsanitizer/asan/asan_malloc_linux.cc:183
    #1 0x7fca0248ac7a  (/usr/lib/wsl/drivers/u0369254.inf_amd64_6f1e9c11bbc40f12/B369275/amdxc64.so+0x1231c7a)

Indirect leak of 176 byte(s) in 2 object(s) allocated from:
    #0 0x7fca109843f5 in __interceptor_aligned_alloc ../../../../src/libsanitizer/asan/asan_malloc_linux.cc:183
    #1 0x7fca0248adfa  (/usr/lib/wsl/drivers/u0369254.inf_amd64_6f1e9c11bbc40f12/B369275/amdxc64.so+0x1231dfa)

Indirect leak of 176 byte(s) in 2 object(s) allocated from:
    #0 0x7fca109843f5 in __interceptor_aligned_alloc ../../../../src/libsanitizer/asan/asan_malloc_linux.cc:183
    #1 0x7fca0248aeba  (/usr/lib/wsl/drivers/u0369254.inf_amd64_6f1e9c11bbc40f12/B369275/amdxc64.so+0x1231eba)

Indirect leak of 176 byte(s) in 2 object(s) allocated from:
    #0 0x7fca109843f5 in __interceptor_aligned_alloc ../../../../src/libsanitizer/asan/asan_malloc_linux.cc:183
    #1 0x7fca0248ab6a  (/usr/lib/wsl/drivers/u0369254.inf_amd64_6f1e9c11bbc40f12/B369275/amdxc64.so+0x1231b6a)

Indirect leak of 176 byte(s) in 2 object(s) allocated from:
    #0 0x7fca109843f5 in __interceptor_aligned_alloc ../../../../src/libsanitizer/asan/asan_malloc_linux.cc:183
    #1 0x7fca0248ac1a  (/usr/lib/wsl/drivers/u0369254.inf_amd64_6f1e9c11bbc40f12/B369275/amdxc64.so+0x1231c1a)

Indirect leak of 160 byte(s) in 2 object(s) allocated from:
    #0 0x7fca109843f5 in __interceptor_aligned_alloc ../../../../src/libsanitizer/asan/asan_malloc_linux.cc:183
    #1 0x7fca0248af1a  (/usr/lib/wsl/drivers/u0369254.inf_amd64_6f1e9c11bbc40f12/B369275/amdxc64.so+0x1231f1a)

Indirect leak of 160 byte(s) in 5 object(s) allocated from:
    #0 0x7fca109843f5 in __interceptor_aligned_alloc ../../../../src/libsanitizer/asan/asan_malloc_linux.cc:183
    #1 0x7fca025df933  (/usr/lib/wsl/drivers/u0369254.inf_amd64_6f1e9c11bbc40f12/B369275/amdxc64.so+0x1386933)

Indirect leak of 160 byte(s) in 2 object(s) allocated from:
    #0 0x7fca109843f5 in __interceptor_aligned_alloc ../../../../src/libsanitizer/asan/asan_malloc_linux.cc:183
    #1 0x7fca0248acda  (/usr/lib/wsl/drivers/u0369254.inf_amd64_6f1e9c11bbc40f12/B369275/amdxc64.so+0x1231cda)

Indirect leak of 160 byte(s) in 2 object(s) allocated from:
    #0 0x7fca109843f5 in __interceptor_aligned_alloc ../../../../src/libsanitizer/asan/asan_malloc_linux.cc:183
    #1 0x7fca0248ad3a  (/usr/lib/wsl/drivers/u0369254.inf_amd64_6f1e9c11bbc40f12/B369275/amdxc64.so+0x1231d3a)

Indirect leak of 160 byte(s) in 2 object(s) allocated from:
    #0 0x7fca109843f5 in __interceptor_aligned_alloc ../../../../src/libsanitizer/asan/asan_malloc_linux.cc:183
    #1 0x7fca0248ad9a  (/usr/lib/wsl/drivers/u0369254.inf_amd64_6f1e9c11bbc40f12/B369275/amdxc64.so+0x1231d9a)

Indirect leak of 160 byte(s) in 2 object(s) allocated from:
    #0 0x7fca109843f5 in __interceptor_aligned_alloc ../../../../src/libsanitizer/asan/asan_malloc_linux.cc:183
    #1 0x7fca0248ae5a  (/usr/lib/wsl/drivers/u0369254.inf_amd64_6f1e9c11bbc40f12/B369275/amdxc64.so+0x1231e5a)

Indirect leak of 160 byte(s) in 5 object(s) allocated from:
    #0 0x7fca109843f5 in __interceptor_aligned_alloc ../../../../src/libsanitizer/asan/asan_malloc_linux.cc:183
    #1 0x7fca025df8d2  (/usr/lib/wsl/drivers/u0369254.inf_amd64_6f1e9c11bbc40f12/B369275/amdxc64.so+0x13868d2)

Indirect leak of 160 byte(s) in 5 object(s) allocated from:
    #0 0x7fca109843f5 in __interceptor_aligned_alloc ../../../../src/libsanitizer/asan/asan_malloc_linux.cc:183
    #1 0x7fca025df367  (/usr/lib/wsl/drivers/u0369254.inf_amd64_6f1e9c11bbc40f12/B369275/amdxc64.so+0x1386367)

Indirect leak of 144 byte(s) in 2 object(s) allocated from:
    #0 0x7fca109843f5 in __interceptor_aligned_alloc ../../../../src/libsanitizer/asan/asan_malloc_linux.cc:183
    #1 0x7fca025fcf9e  (/usr/lib/wsl/drivers/u0369254.inf_amd64_6f1e9c11bbc40f12/B369275/amdxc64.so+0x13a3f9e)

Indirect leak of 144 byte(s) in 1 object(s) allocated from:
    #0 0x7fca109843f5 in __interceptor_aligned_alloc ../../../../src/libsanitizer/asan/asan_malloc_linux.cc:183
    #1 0x7fca024c1d9a  (/usr/lib/wsl/drivers/u0369254.inf_amd64_6f1e9c11bbc40f12/B369275/amdxc64.so+0x1268d9a)

Indirect leak of 136 byte(s) in 1 object(s) allocated from:
    #0 0x7fca109843f5 in __interceptor_aligned_alloc ../../../../src/libsanitizer/asan/asan_malloc_linux.cc:183
    #1 0x7fca0242295c  (/usr/lib/wsl/drivers/u0369254.inf_amd64_6f1e9c11bbc40f12/B369275/amdxc64.so+0x11c995c)

Indirect leak of 128 byte(s) in 2 object(s) allocated from:
    #0 0x7fca109843f5 in __interceptor_aligned_alloc ../../../../src/libsanitizer/asan/asan_malloc_linux.cc:183
    #1 0x7fca025d6f54  (/usr/lib/wsl/drivers/u0369254.inf_amd64_6f1e9c11bbc40f12/B369275/amdxc64.so+0x137df54)
    #2 0xffffffff  (<unknown module>)

Indirect leak of 128 byte(s) in 4 object(s) allocated from:
    #0 0x7fca109843f5 in __interceptor_aligned_alloc ../../../../src/libsanitizer/asan/asan_malloc_linux.cc:183
    #1 0x7fca025dea80  (/usr/lib/wsl/drivers/u0369254.inf_amd64_6f1e9c11bbc40f12/B369275/amdxc64.so+0x1385a80)

Indirect leak of 120 byte(s) in 1 object(s) allocated from:
    #0 0x7fca10983808 in __interceptor_malloc ../../../../src/libsanitizer/asan/asan_malloc_linux.cc:144
    #1 0x7fca04e3c272  (<unknown module>)

Indirect leak of 96 byte(s) in 1 object(s) allocated from:
    #0 0x7fca109843f5 in __interceptor_aligned_alloc ../../../../src/libsanitizer/asan/asan_malloc_linux.cc:183
    #1 0x7fca0257d991  (/usr/lib/wsl/drivers/u0369254.inf_amd64_6f1e9c11bbc40f12/B369275/amdxc64.so+0x1324991)
    #2 0x61900005187f  (<unknown module>)

Indirect leak of 96 byte(s) in 4 object(s) allocated from:
    #0 0x7fca109843f5 in __interceptor_aligned_alloc ../../../../src/libsanitizer/asan/asan_malloc_linux.cc:183
    #1 0x7fca025e8135  (/usr/lib/wsl/drivers/u0369254.inf_amd64_6f1e9c11bbc40f12/B369275/amdxc64.so+0x138f135)

Indirect leak of 72 byte(s) in 18 object(s) allocated from:
    #0 0x7fca10985587 in operator new(unsigned long) ../../../../src/libsanitizer/asan/asan_new_delete.cc:104
    #1 0x7fca0b794aa0  (/usr/lib/x86_64-linux-gnu/libasan.so.5.0.0+0xbedaa0)

Indirect leak of 56 byte(s) in 1 object(s) allocated from:
    #0 0x7fca10983808 in __interceptor_malloc ../../../../src/libsanitizer/asan/asan_malloc_linux.cc:144
    #1 0x7fca0507b44c  (<unknown module>)

Indirect leak of 56 byte(s) in 1 object(s) allocated from:
    #0 0x7fca109843f5 in __interceptor_aligned_alloc ../../../../src/libsanitizer/asan/asan_malloc_linux.cc:183
    #1 0x7fca025bb549  (/usr/lib/wsl/drivers/u0369254.inf_amd64_6f1e9c11bbc40f12/B369275/amdxc64.so+0x1362549)

Indirect leak of 48 byte(s) in 3 object(s) allocated from:
    #0 0x7fca109843f5 in __interceptor_aligned_alloc ../../../../src/libsanitizer/asan/asan_malloc_linux.cc:183
    #1 0x7fca025c3102  (/usr/lib/wsl/drivers/u0369254.inf_amd64_6f1e9c11bbc40f12/B369275/amdxc64.so+0x136a102)

Indirect leak of 48 byte(s) in 1 object(s) allocated from:
    #0 0x7fca10983808 in __interceptor_malloc ../../../../src/libsanitizer/asan/asan_malloc_linux.cc:144
    #1 0x7fca05073aa4  (<unknown module>)

Indirect leak of 48 byte(s) in 1 object(s) allocated from:
    #0 0x7fca10983808 in __interceptor_malloc ../../../../src/libsanitizer/asan/asan_malloc_linux.cc:144
    #1 0x7fca04e3f1e8  (<unknown module>)

Indirect leak of 40 byte(s) in 1 object(s) allocated from:
    #0 0x7fca10983808 in __interceptor_malloc ../../../../src/libsanitizer/asan/asan_malloc_linux.cc:144
    #1 0x7fca04e2fb1d  (<unknown module>)

Indirect leak of 40 byte(s) in 1 object(s) allocated from:
    #0 0x7fca10983808 in __interceptor_malloc ../../../../src/libsanitizer/asan/asan_malloc_linux.cc:144
    #1 0x7fca050740c2  (<unknown module>)

Indirect leak of 40 byte(s) in 1 object(s) allocated from:
    #0 0x7fca10983808 in __interceptor_malloc ../../../../src/libsanitizer/asan/asan_malloc_linux.cc:144
    #1 0x7fca04e3e3b7  (<unknown module>)

Indirect leak of 40 byte(s) in 1 object(s) allocated from:
    #0 0x7fca10983808 in __interceptor_malloc ../../../../src/libsanitizer/asan/asan_malloc_linux.cc:144
    #1 0x7fca04e2fd1f  (<unknown module>)

Indirect leak of 32 byte(s) in 1 object(s) allocated from:
    #0 0x7fca109843f5 in __interceptor_aligned_alloc ../../../../src/libsanitizer/asan/asan_malloc_linux.cc:183
    #1 0x7fca025dea80  (/usr/lib/wsl/drivers/u0369254.inf_amd64_6f1e9c11bbc40f12/B369275/amdxc64.so+0x1385a80)
    #2 0x7fca109403ee in __interceptor_ioctl ../../../../src/libsanitizer/sanitizer_common/sanitizer_common_interceptors.inc:1797

Indirect leak of 32 byte(s) in 1 object(s) allocated from:
    #0 0x7fca109843f5 in __interceptor_aligned_alloc ../../../../src/libsanitizer/asan/asan_malloc_linux.cc:183
    #1 0x7fca025dea80  (/usr/lib/wsl/drivers/u0369254.inf_amd64_6f1e9c11bbc40f12/B369275/amdxc64.so+0x1385a80)
    #2 0x7fca0f090fff  (<unknown module>)

Indirect leak of 32 byte(s) in 1 object(s) allocated from:
    #0 0x7fca10983808 in __interceptor_malloc ../../../../src/libsanitizer/asan/asan_malloc_linux.cc:144
    #1 0x7fca04e283c5  (<unknown module>)
    #2 0x61500000672f  (<unknown module>)

Indirect leak of 32 byte(s) in 1 object(s) allocated from:
    #0 0x7fca10983808 in __interceptor_malloc ../../../../src/libsanitizer/asan/asan_malloc_linux.cc:144
    #1 0x7fca04e283c5  (<unknown module>)
    #2 0x6150000064af  (<unknown module>)

Indirect leak of 32 byte(s) in 1 object(s) allocated from:
    #0 0x7fca109843f5 in __interceptor_aligned_alloc ../../../../src/libsanitizer/asan/asan_malloc_linux.cc:183
    #1 0x7fca025dea80  (/usr/lib/wsl/drivers/u0369254.inf_amd64_6f1e9c11bbc40f12/B369275/amdxc64.so+0x1385a80)
    #2 0x7fca04f01257  (<unknown module>)

Indirect leak of 32 byte(s) in 1 object(s) allocated from:
    #0 0x7fca109843f5 in __interceptor_aligned_alloc ../../../../src/libsanitizer/asan/asan_malloc_linux.cc:183
    #1 0x7fca025dea80  (/usr/lib/wsl/drivers/u0369254.inf_amd64_6f1e9c11bbc40f12/B369275/amdxc64.so+0x1385a80)
    #2 0xebebc3b35ee8a196  (<unknown module>)

Indirect leak of 32 byte(s) in 1 object(s) allocated from:
    #0 0x7fca109843f5 in __interceptor_aligned_alloc ../../../../src/libsanitizer/asan/asan_malloc_linux.cc:183
    #1 0x7fca025dea80  (/usr/lib/wsl/drivers/u0369254.inf_amd64_6f1e9c11bbc40f12/B369275/amdxc64.so+0x1385a80)
    #2 0x7fca1094ca2d in __interceptor_strcmp ../../../../src/libsanitizer/sanitizer_common/sanitizer_common_interceptors.inc:433

Indirect leak of 32 byte(s) in 1 object(s) allocated from:
    #0 0x7fca109843f5 in __interceptor_aligned_alloc ../../../../src/libsanitizer/asan/asan_malloc_linux.cc:183
    #1 0x7fca025dea80  (/usr/lib/wsl/drivers/u0369254.inf_amd64_6f1e9c11bbc40f12/B369275/amdxc64.so+0x1385a80)
    #2 0x7fffaec23cdf  ([stack]+0x19cdf)

Indirect leak of 32 byte(s) in 2 object(s) allocated from:
    #0 0x7fca109843f5 in __interceptor_aligned_alloc ../../../../src/libsanitizer/asan/asan_malloc_linux.cc:183
    #1 0x7fca025c3102  (/usr/lib/wsl/drivers/u0369254.inf_amd64_6f1e9c11bbc40f12/B369275/amdxc64.so+0x136a102)
    #2 0xffffffff  (<unknown module>)

Indirect leak of 24 byte(s) in 1 object(s) allocated from:
    #0 0x7fca10983808 in __interceptor_malloc ../../../../src/libsanitizer/asan/asan_malloc_linux.cc:144
    #1 0x7fca04e28405  (<unknown module>)

Indirect leak of 16 byte(s) in 1 object(s) allocated from:
    #0 0x7fca10983808 in __interceptor_malloc ../../../../src/libsanitizer/asan/asan_malloc_linux.cc:144
    #1 0x7fca04e3f89c  (<unknown module>)

Indirect leak of 8 byte(s) in 2 object(s) allocated from:
    #0 0x7fca10983808 in __interceptor_malloc ../../../../src/libsanitizer/asan/asan_malloc_linux.cc:144
    #1 0x7fca04e430d3  (<unknown module>)

Indirect leak of 8 byte(s) in 1 object(s) allocated from:
    #0 0x7fca10983808 in __interceptor_malloc ../../../../src/libsanitizer/asan/asan_malloc_linux.cc:144
    #1 0x7fca04e283c5  (<unknown module>)
    #2 0x38f7  (<unknown module>)

Indirect leak of 8 byte(s) in 1 object(s) allocated from:
    #0 0x7fca10983808 in __interceptor_malloc ../../../../src/libsanitizer/asan/asan_malloc_linux.cc:144
    #1 0x7fca04e283c5  (<unknown module>)
    #2 0x7fca04e399dd  (<unknown module>)

SUMMARY: AddressSanitizer: 14348806 byte(s) leaked in 1847 allocation(s).
<end of output>
Test time =   3.94 sec
----------------------------------------------------------
Test Failed.
"epidemic.t" end time: Mar 28 00:37 CEST
"epidemic.t" time elapsed: 00:00:03
----------------------------------------------------------

End testing: Mar 28 00:37 CEST
